TN:
SF:src\App.tsx
FN:23,(anonymous_0)
FN:38,(anonymous_1)
FN:46,(anonymous_2)
FN:49,(anonymous_3)
FNF:4
FNH:0
FNDA:0,(anonymous_0)
FNDA:0,(anonymous_1)
FNDA:0,(anonymous_2)
FNDA:0,(anonymous_3)
DA:18,0
DA:25,0
DA:26,0
DA:27,0
DA:28,0
DA:31,0
DA:39,0
DA:46,0
DA:47,0
DA:49,0
DA:50,0
DA:53,0
LF:12
LH:0
BRDA:25,0,0,0
BRDA:25,0,1,0
BRDA:25,1,0,0
BRDA:25,1,1,0
BRDA:25,1,2,0
BRDA:27,2,0,0
BRDA:27,2,1,0
BRDA:27,3,0,0
BRDA:27,3,1,0
BRF:9
BRH:0
end_of_record
TN:
SF:src\components\AddGuardianModal.tsx
FN:42,AddGuardianModal
FN:59,(anonymous_1)
FN:90,(anonymous_2)
FN:96,(anonymous_3)
FN:100,(anonymous_4)
FN:141,(anonymous_5)
FN:156,(anonymous_6)
FN:158,(anonymous_7)
FN:162,(anonymous_8)
FN:172,(anonymous_9)
FN:185,(anonymous_10)
FN:197,(anonymous_11)
FN:209,(anonymous_12)
FN:239,(anonymous_13)
FN:258,(anonymous_14)
FN:274,(anonymous_15)
FNF:16
FNH:0
FNDA:0,AddGuardianModal
FNDA:0,(anonymous_1)
FNDA:0,(anonymous_2)
FNDA:0,(anonymous_3)
FNDA:0,(anonymous_4)
FNDA:0,(anonymous_5)
FNDA:0,(anonymous_6)
FNDA:0,(anonymous_7)
FNDA:0,(anonymous_8)
FNDA:0,(anonymous_9)
FNDA:0,(anonymous_10)
FNDA:0,(anonymous_11)
FNDA:0,(anonymous_12)
FNDA:0,(anonymous_13)
FNDA:0,(anonymous_14)
FNDA:0,(anonymous_15)
DA:43,0
DA:44,0
DA:45,0
DA:47,0
DA:57,0
DA:59,0
DA:60,0
DA:62,0
DA:63,0
DA:64,0
DA:66,0
DA:67,0
DA:68,0
DA:69,0
DA:71,0
DA:72,0
DA:76,0
DA:77,0
DA:78,0
DA:79,0
DA:80,0
DA:81,0
DA:86,0
DA:87,0
DA:90,0
DA:91,0
DA:92,0
DA:96,0
DA:97,0
DA:100,0
DA:101,0
DA:102,0
DA:105,0
DA:106,0
DA:109,0
DA:120,0
DA:122,0
DA:127,0
DA:128,0
DA:130,0
DA:131,0
DA:137,0
DA:141,0
DA:142,0
DA:143,0
DA:152,0
DA:153,0
DA:156,0
DA:158,0
DA:159,0
DA:162,0
DA:163,0
DA:165,0
DA:172,0
DA:185,0
DA:197,0
DA:209,0
DA:232,0
DA:239,0
DA:258,0
DA:274,0
DA:320,0
DA:324,0
LF:63
LH:0
BRDA:62,0,0,0
BRDA:62,0,1,0
BRDA:63,1,0,0
BRDA:63,1,1,0
BRDA:66,2,0,0
BRDA:66,2,1,0
BRDA:68,3,0,0
BRDA:68,3,1,0
BRDA:71,4,0,0
BRDA:71,4,1,0
BRDA:76,5,0,0
BRDA:76,5,1,0
BRDA:77,6,0,0
BRDA:77,6,1,0
BRDA:77,7,0,0
BRDA:77,7,1,0
BRDA:78,8,0,0
BRDA:78,8,1,0
BRDA:80,9,0,0
BRDA:80,9,1,0
BRDA:91,10,0,0
BRDA:91,10,1,0
BRDA:101,11,0,0
BRDA:101,11,1,0
BRDA:130,12,0,0
BRDA:130,12,1,0
BRDA:163,13,0,0
BRDA:163,13,1,0
BRDA:163,13,2,0
BRDA:174,14,0,0
BRDA:174,14,1,0
BRDA:176,15,0,0
BRDA:176,15,1,0
BRDA:187,16,0,0
BRDA:187,16,1,0
BRDA:189,17,0,0
BRDA:189,17,1,0
BRDA:199,18,0,0
BRDA:199,18,1,0
BRDA:201,19,0,0
BRDA:201,19,1,0
BRDA:251,20,0,0
BRDA:251,20,1,0
BRDA:251,20,2,0
BRDA:260,21,0,0
BRDA:260,21,1,0
BRDA:262,22,0,0
BRDA:262,22,1,0
BRDA:333,23,0,0
BRDA:333,23,1,0
BRDA:358,24,0,0
BRDA:358,24,1,0
BRDA:368,25,0,0
BRDA:368,25,1,0
BRDA:374,26,0,0
BRDA:374,26,1,0
BRF:56
BRH:0
end_of_record
TN:
SF:src\components\AddressValidator.tsx
FN:38,AddressValidator
FN:48,(anonymous_1)
FN:56,(anonymous_2)
FN:62,(anonymous_3)
FN:87,(anonymous_4)
FN:191,(anonymous_5)
FN:199,(anonymous_6)
FN:209,(anonymous_7)
FN:225,(anonymous_8)
FN:249,(anonymous_9)
FN:258,(anonymous_10)
FN:333,(anonymous_11)
FN:350,(anonymous_12)
FNF:13
FNH:0
FNDA:0,AddressValidator
FNDA:0,(anonymous_1)
FNDA:0,(anonymous_2)
FNDA:0,(anonymous_3)
FNDA:0,(anonymous_4)
FNDA:0,(anonymous_5)
FNDA:0,(anonymous_6)
FNDA:0,(anonymous_7)
FNDA:0,(anonymous_8)
FNDA:0,(anonymous_9)
FNDA:0,(anonymous_10)
FNDA:0,(anonymous_11)
FNDA:0,(anonymous_12)
DA:43,0
DA:44,0
DA:45,0
DA:46,0
DA:48,0
DA:49,0
DA:50,0
DA:52,0
DA:56,0
DA:57,0
DA:58,0
DA:62,0
DA:63,0
DA:64,0
DA:65,0
DA:68,0
DA:69,0
DA:72,0
DA:73,0
DA:76,0
DA:77,0
DA:83,0
DA:87,0
DA:89,0
DA:102,0
DA:103,0
DA:104,0
DA:108,0
DA:109,0
DA:110,0
DA:111,0
DA:112,0
DA:113,0
DA:116,0
DA:117,0
DA:118,0
DA:119,0
DA:120,0
DA:121,0
DA:124,0
DA:125,0
DA:126,0
DA:127,0
DA:128,0
DA:129,0
DA:132,0
DA:133,0
DA:134,0
DA:135,0
DA:136,0
DA:137,0
DA:140,0
DA:141,0
DA:142,0
DA:143,0
DA:144,0
DA:146,0
DA:147,0
DA:149,0
DA:150,0
DA:151,0
DA:154,0
DA:155,0
DA:156,0
DA:157,0
DA:158,0
DA:159,0
DA:160,0
DA:163,0
DA:164,0
DA:168,0
DA:170,0
DA:171,0
DA:172,0
DA:173,0
DA:174,0
DA:178,0
DA:179,0
DA:183,0
DA:184,0
DA:188,0
DA:191,0
DA:192,0
DA:193,0
DA:199,0
DA:200,0
DA:202,0
DA:206,0
DA:209,0
DA:210,0
DA:211,0
DA:214,0
DA:215,0
DA:218,0
DA:219,0
DA:221,0
DA:225,0
DA:226,0
DA:227,0
DA:228,0
DA:229,0
DA:233,0
DA:249,0
DA:258,0
DA:334,0
DA:351,0
LF:106
LH:0
BRDA:39,0,0,0
BRDA:41,1,0,0
BRDA:49,2,0,0
BRDA:49,2,1,0
BRDA:57,3,0,0
BRDA:57,3,1,0
BRDA:63,4,0,0
BRDA:63,4,1,0
BRDA:76,5,0,0
BRDA:76,5,1,0
BRDA:102,6,0,0
BRDA:102,6,1,0
BRDA:102,7,0,0
BRDA:102,7,1,0
BRDA:108,8,0,0
BRDA:108,8,1,0
BRDA:108,9,0,0
BRDA:108,9,1,0
BRDA:108,9,2,0
BRDA:116,10,0,0
BRDA:116,10,1,0
BRDA:116,11,0,0
BRDA:116,11,1,0
BRDA:116,11,2,0
BRDA:124,12,0,0
BRDA:124,12,1,0
BRDA:124,13,0,0
BRDA:124,13,1,0
BRDA:124,13,2,0
BRDA:132,14,0,0
BRDA:132,14,1,0
BRDA:132,15,0,0
BRDA:132,15,1,0
BRDA:140,16,0,0
BRDA:140,16,1,0
BRDA:140,17,0,0
BRDA:140,17,1,0
BRDA:140,17,2,0
BRDA:140,17,3,0
BRDA:142,18,0,0
BRDA:142,18,1,0
BRDA:154,19,0,0
BRDA:154,19,1,0
BRDA:154,20,0,0
BRDA:154,20,1,0
BRDA:154,20,2,0
BRDA:154,20,3,0
BRDA:168,21,0,0
BRDA:168,21,1,0
BRDA:171,22,0,0
BRDA:171,22,1,0
BRDA:178,23,0,0
BRDA:178,23,1,0
BRDA:178,24,0,0
BRDA:178,24,1,0
BRDA:183,25,0,0
BRDA:183,25,1,0
BRDA:183,26,0,0
BRDA:183,26,1,0
BRDA:183,26,2,0
BRDA:183,26,3,0
BRDA:200,27,0,0
BRDA:200,27,1,0
BRDA:202,28,0,0
BRDA:202,28,1,0
BRDA:210,29,0,0
BRDA:210,29,1,0
BRDA:214,30,0,0
BRDA:214,30,1,0
BRDA:218,31,0,0
BRDA:218,31,1,0
BRDA:226,32,0,0
BRDA:226,32,1,0
BRDA:227,33,0,0
BRDA:227,33,1,0
BRDA:228,34,0,0
BRDA:228,34,1,0
BRDA:261,35,0,0
BRDA:261,35,1,0
BRDA:278,36,0,0
BRDA:278,36,1,0
BRDA:286,37,0,0
BRDA:286,37,1,0
BRDA:295,38,0,0
BRDA:295,38,1,0
BRDA:304,39,0,0
BRDA:304,39,1,0
BRDA:326,40,0,0
BRDA:326,40,1,0
BRDA:343,41,0,0
BRDA:343,41,1,0
BRDA:360,42,0,0
BRDA:360,42,1,0
BRF:93
BRH:0
end_of_record
TN:
SF:src\components\AdvancedSettings.tsx
FN:60,AdvancedSettings
FN:101,(anonymous_1)
FN:105,(anonymous_2)
FN:109,(anonymous_3)
FN:131,(anonymous_4)
FN:140,(anonymous_5)
FN:166,(anonymous_6)
FN:170,(anonymous_7)
FN:175,(anonymous_8)
FN:176,(anonymous_9)
FN:253,(anonymous_10)
FN:267,(anonymous_11)
FN:281,(anonymous_12)
FN:295,(anonymous_13)
FN:319,(anonymous_14)
FN:333,(anonymous_15)
FN:346,(anonymous_16)
FN:360,(anonymous_17)
FN:390,(anonymous_18)
FN:405,(anonymous_19)
FN:417,(anonymous_20)
FN:428,(anonymous_21)
FN:458,(anonymous_22)
FN:469,(anonymous_23)
FN:481,(anonymous_24)
FN:498,(anonymous_25)
FN:526,(anonymous_26)
FN:536,(anonymous_27)
FN:556,(anonymous_28)
FN:571,(anonymous_29)
FNF:30
FNH:0
FNDA:0,AdvancedSettings
FNDA:0,(anonymous_1)
FNDA:0,(anonymous_2)
FNDA:0,(anonymous_3)
FNDA:0,(anonymous_4)
FNDA:0,(anonymous_5)
FNDA:0,(anonymous_6)
FNDA:0,(anonymous_7)
FNDA:0,(anonymous_8)
FNDA:0,(anonymous_9)
FNDA:0,(anonymous_10)
FNDA:0,(anonymous_11)
FNDA:0,(anonymous_12)
FNDA:0,(anonymous_13)
FNDA:0,(anonymous_14)
FNDA:0,(anonymous_15)
FNDA:0,(anonymous_16)
FNDA:0,(anonymous_17)
FNDA:0,(anonymous_18)
FNDA:0,(anonymous_19)
FNDA:0,(anonymous_20)
FNDA:0,(anonymous_21)
FNDA:0,(anonymous_22)
FNDA:0,(anonymous_23)
FNDA:0,(anonymous_24)
FNDA:0,(anonymous_25)
FNDA:0,(anonymous_26)
FNDA:0,(anonymous_27)
FNDA:0,(anonymous_28)
FNDA:0,(anonymous_29)
DA:61,0
DA:62,0
DA:63,0
DA:64,0
DA:66,0
DA:99,0
DA:101,0
DA:102,0
DA:105,0
DA:106,0
DA:109,0
DA:110,0
DA:111,0
DA:114,0
DA:115,0
DA:116,0
DA:117,0
DA:120,0
DA:121,0
DA:127,0
DA:131,0
DA:132,0
DA:133,0
DA:134,0
DA:136,0
DA:140,0
DA:141,0
DA:142,0
DA:145,0
DA:147,0
DA:148,0
DA:150,0
DA:155,0
DA:156,0
DA:162,0
DA:166,0
DA:167,0
DA:170,0
DA:171,0
DA:172,0
DA:175,0
DA:176,0
DA:185,0
DA:186,0
DA:195,0
DA:253,0
DA:267,0
DA:281,0
DA:295,0
DA:319,0
DA:333,0
DA:346,0
DA:360,0
DA:390,0
DA:405,0
DA:417,0
DA:428,0
DA:458,0
DA:469,0
DA:481,0
DA:498,0
DA:526,0
DA:536,0
DA:556,0
DA:571,0
LF:65
LH:0
BRDA:115,0,0,0
BRDA:115,0,1,0
BRDA:120,1,0,0
BRDA:120,1,1,0
BRDA:134,2,0,0
BRDA:134,2,1,0
BRDA:155,3,0,0
BRDA:155,3,1,0
BRDA:185,4,0,0
BRDA:185,4,1,0
BRDA:209,5,0,0
BRDA:209,5,1,0
BRDA:215,6,0,0
BRDA:215,6,1,0
BRDA:216,7,0,0
BRDA:216,7,1,0
BRF:16
BRH:0
end_of_record
TN:
SF:src\components\AuditLogs.tsx
FN:53,AuditLogs
FN:68,(anonymous_1)
FN:74,(anonymous_2)
FN:78,(anonymous_3)
FN:97,(anonymous_4)
FN:198,(anonymous_5)
FN:203,(anonymous_6)
FN:212,(anonymous_7)
FN:220,(anonymous_8)
FN:225,(anonymous_9)
FN:231,(anonymous_10)
FN:236,(anonymous_11)
FN:244,(anonymous_12)
FN:252,(anonymous_13)
FN:275,(anonymous_14)
FN:293,(anonymous_15)
FN:314,(anonymous_16)
FN:388,(anonymous_17)
FN:395,(anonymous_18)
FN:409,(anonymous_19)
FN:449,(anonymous_20)
FN:486,(anonymous_21)
FN:493,(anonymous_22)
FN:593,(anonymous_23)
FN:600,(anonymous_24)
FN:607,(anonymous_25)
FNF:26
FNH:0
FNDA:0,AuditLogs
FNDA:0,(anonymous_1)
FNDA:0,(anonymous_2)
FNDA:0,(anonymous_3)
FNDA:0,(anonymous_4)
FNDA:0,(anonymous_5)
FNDA:0,(anonymous_6)
FNDA:0,(anonymous_7)
FNDA:0,(anonymous_8)
FNDA:0,(anonymous_9)
FNDA:0,(anonymous_10)
FNDA:0,(anonymous_11)
FNDA:0,(anonymous_12)
FNDA:0,(anonymous_13)
FNDA:0,(anonymous_14)
FNDA:0,(anonymous_15)
FNDA:0,(anonymous_16)
FNDA:0,(anonymous_17)
FNDA:0,(anonymous_18)
FNDA:0,(anonymous_19)
FNDA:0,(anonymous_20)
FNDA:0,(anonymous_21)
FNDA:0,(anonymous_22)
FNDA:0,(anonymous_23)
FNDA:0,(anonymous_24)
FNDA:0,(anonymous_25)
DA:54,0
DA:55,0
DA:56,0
DA:57,0
DA:58,0
DA:59,0
DA:60,0
DA:61,0
DA:68,0
DA:69,0
DA:70,0
DA:74,0
DA:75,0
DA:78,0
DA:79,0
DA:80,0
DA:83,0
DA:84,0
DA:86,0
DA:87,0
DA:93,0
DA:97,0
DA:99,0
DA:198,0
DA:199,0
DA:202,0
DA:203,0
DA:204,0
DA:211,0
DA:212,0
DA:216,0
DA:217,0
DA:218,0
DA:219,0
DA:220,0
DA:224,0
DA:225,0
DA:228,0
DA:231,0
DA:232,0
DA:233,0
DA:236,0
DA:237,0
DA:238,0
DA:244,0
DA:245,0
DA:246,0
DA:252,0
DA:253,0
DA:259,0
DA:260,0
DA:261,0
DA:262,0
DA:263,0
DA:264,0
DA:265,0
DA:266,0
DA:267,0
DA:269,0
DA:275,0
DA:276,0
DA:278,0
DA:281,0
DA:285,0
DA:287,0
DA:289,0
DA:293,0
DA:294,0
DA:296,0
DA:298,0
DA:300,0
DA:302,0
DA:304,0
DA:306,0
DA:308,0
DA:310,0
DA:314,0
DA:315,0
DA:317,0
DA:319,0
DA:321,0
DA:323,0
DA:325,0
DA:327,0
DA:329,0
DA:331,0
DA:335,0
DA:336,0
DA:344,0
DA:345,0
DA:353,0
DA:388,0
DA:395,0
DA:409,0
DA:450,0
DA:486,0
DA:493,0
DA:593,0
DA:600,0
DA:607,0
LF:100
LH:0
BRDA:69,0,0,0
BRDA:69,0,1,0
BRDA:86,1,0,0
BRDA:86,1,1,0
BRDA:103,2,0,0
BRDA:103,2,1,0
BRDA:122,3,0,0
BRDA:122,3,1,0
BRDA:141,4,0,0
BRDA:141,4,1,0
BRDA:160,5,0,0
BRDA:160,5,1,0
BRDA:179,6,0,0
BRDA:179,6,1,0
BRDA:202,7,0,0
BRDA:202,7,1,0
BRDA:204,8,0,0
BRDA:204,8,1,0
BRDA:204,8,2,0
BRDA:211,9,0,0
BRDA:211,9,1,0
BRDA:216,10,0,0
BRDA:216,10,1,0
BRDA:224,11,0,0
BRDA:224,11,1,0
BRDA:263,12,0,0
BRDA:263,12,1,0
BRDA:276,13,0,0
BRDA:276,13,1,0
BRDA:276,13,2,0
BRDA:276,13,3,0
BRDA:276,13,4,0
BRDA:276,13,5,0
BRDA:276,13,6,0
BRDA:276,13,7,0
BRDA:294,14,0,0
BRDA:294,14,1,0
BRDA:294,14,2,0
BRDA:294,14,3,0
BRDA:294,14,4,0
BRDA:294,14,5,0
BRDA:294,14,6,0
BRDA:294,14,7,0
BRDA:315,15,0,0
BRDA:315,15,1,0
BRDA:315,15,2,0
BRDA:315,15,3,0
BRDA:315,15,4,0
BRDA:315,15,5,0
BRDA:315,15,6,0
BRDA:315,15,7,0
BRDA:335,16,0,0
BRDA:335,16,1,0
BRDA:335,17,0,0
BRDA:335,17,1,0
BRDA:344,18,0,0
BRDA:344,18,1,0
BRDA:428,19,0,0
BRDA:428,19,1,0
BRDA:433,20,0,0
BRDA:433,20,1,0
BRDA:517,21,0,0
BRDA:517,21,1,0
BRF:63
BRH:0
end_of_record
TN:
SF:src\components\BackupRestore.tsx
FN:58,BackupRestore
FN:88,(anonymous_1)
FN:92,(anonymous_2)
FN:111,(anonymous_3)
FN:147,(anonymous_4)
FN:224,(anonymous_5)
FN:324,(anonymous_6)
FN:354,(anonymous_7)
FN:374,(anonymous_8)
FN:388,(anonymous_9)
FN:393,(anonymous_10)
FN:398,(anonymous_11)
FN:403,(anonymous_12)
FN:408,(anonymous_13)
FN:413,(anonymous_14)
FN:418,(anonymous_15)
FN:419,(anonymous_16)
FN:421,(anonymous_17)
FN:427,(anonymous_18)
FN:435,(anonymous_19)
FN:437,(anonymous_20)
FN:440,(anonymous_21)
FN:448,(anonymous_22)
FN:463,(anonymous_23)
FN:530,(anonymous_24)
FN:539,(anonymous_25)
FN:552,(anonymous_26)
FN:562,(anonymous_27)
FN:576,(anonymous_28)
FN:584,(anonymous_29)
FN:597,(anonymous_30)
FN:605,(anonymous_31)
FN:613,(anonymous_32)
FN:644,(anonymous_33)
FN:654,(anonymous_34)
FN:662,(anonymous_35)
FN:673,(anonymous_36)
FN:691,(anonymous_37)
FN:719,(anonymous_38)
FN:726,(anonymous_39)
FN:751,(anonymous_40)
FN:758,(anonymous_41)
FNF:42
FNH:0
FNDA:0,BackupRestore
FNDA:0,(anonymous_1)
FNDA:0,(anonymous_2)
FNDA:0,(anonymous_3)
FNDA:0,(anonymous_4)
FNDA:0,(anonymous_5)
FNDA:0,(anonymous_6)
FNDA:0,(anonymous_7)
FNDA:0,(anonymous_8)
FNDA:0,(anonymous_9)
FNDA:0,(anonymous_10)
FNDA:0,(anonymous_11)
FNDA:0,(anonymous_12)
FNDA:0,(anonymous_13)
FNDA:0,(anonymous_14)
FNDA:0,(anonymous_15)
FNDA:0,(anonymous_16)
FNDA:0,(anonymous_17)
FNDA:0,(anonymous_18)
FNDA:0,(anonymous_19)
FNDA:0,(anonymous_20)
FNDA:0,(anonymous_21)
FNDA:0,(anonymous_22)
FNDA:0,(anonymous_23)
FNDA:0,(anonymous_24)
FNDA:0,(anonymous_25)
FNDA:0,(anonymous_26)
FNDA:0,(anonymous_27)
FNDA:0,(anonymous_28)
FNDA:0,(anonymous_29)
FNDA:0,(anonymous_30)
FNDA:0,(anonymous_31)
FNDA:0,(anonymous_32)
FNDA:0,(anonymous_33)
FNDA:0,(anonymous_34)
FNDA:0,(anonymous_35)
FNDA:0,(anonymous_36)
FNDA:0,(anonymous_37)
FNDA:0,(anonymous_38)
FNDA:0,(anonymous_39)
FNDA:0,(anonymous_40)
FNDA:0,(anonymous_41)
DA:59,0
DA:60,0
DA:61,0
DA:62,0
DA:63,0
DA:66,0
DA:76,0
DA:83,0
DA:84,0
DA:85,0
DA:86,0
DA:88,0
DA:89,0
DA:92,0
DA:93,0
DA:94,0
DA:97,0
DA:98,0
DA:100,0
DA:101,0
DA:107,0
DA:111,0
DA:113,0
DA:147,0
DA:148,0
DA:150,0
DA:151,0
DA:156,0
DA:159,0
DA:160,0
DA:165,0
DA:168,0
DA:169,0
DA:174,0
DA:178,0
DA:179,0
DA:180,0
DA:182,0
DA:194,0
DA:197,0
DA:205,0
DA:208,0
DA:210,0
DA:215,0
DA:216,0
DA:224,0
DA:225,0
DA:226,0
DA:231,0
DA:234,0
DA:235,0
DA:243,0
DA:245,0
DA:253,0
DA:254,0
DA:258,0
DA:266,0
DA:268,0
DA:276,0
DA:278,0
DA:286,0
DA:288,0
DA:296,0
DA:301,0
DA:303,0
DA:308,0
DA:315,0
DA:316,0
DA:324,0
DA:325,0
DA:327,0
DA:330,0
DA:331,0
DA:332,0
DA:333,0
DA:334,0
DA:335,0
DA:336,0
DA:337,0
DA:338,0
DA:340,0
DA:345,0
DA:346,0
DA:354,0
DA:355,0
DA:356,0
DA:357,0
DA:359,0
DA:364,0
DA:365,0
DA:374,0
DA:376,0
DA:388,0
DA:390,0
DA:393,0
DA:395,0
DA:398,0
DA:400,0
DA:403,0
DA:405,0
DA:408,0
DA:410,0
DA:413,0
DA:415,0
DA:418,0
DA:419,0
DA:420,0
DA:421,0
DA:422,0
DA:423,0
DA:427,0
DA:429,0
DA:430,0
DA:431,0
DA:435,0
DA:437,0
DA:440,0
DA:441,0
DA:442,0
DA:443,0
DA:444,0
DA:445,0
DA:448,0
DA:449,0
DA:451,0
DA:453,0
DA:455,0
DA:457,0
DA:459,0
DA:463,0
DA:464,0
DA:466,0
DA:468,0
DA:470,0
DA:472,0
DA:474,0
DA:478,0
DA:479,0
DA:487,0
DA:488,0
DA:496,0
DA:530,0
DA:539,0
DA:552,0
DA:562,0
DA:576,0
DA:584,0
DA:597,0
DA:605,0
DA:613,0
DA:644,0
DA:654,0
DA:662,0
DA:673,0
DA:691,0
DA:719,0
DA:727,0
DA:751,0
DA:758,0
LF:159
LH:0
BRDA:100,0,0,0
BRDA:100,0,1,0
BRDA:150,1,0,0
BRDA:150,1,1,0
BRDA:150,2,0,0
BRDA:150,2,1,0
BRDA:150,2,2,0
BRDA:159,3,0,0
BRDA:159,3,1,0
BRDA:168,4,0,0
BRDA:168,4,1,0
BRDA:215,5,0,0
BRDA:215,5,1,0
BRDA:225,6,0,0
BRDA:225,6,1,0
BRDA:253,7,0,0
BRDA:253,7,1,0
BRDA:312,8,0,0
BRDA:312,8,1,0
BRDA:315,9,0,0
BRDA:315,9,1,0
BRDA:345,10,0,0
BRDA:345,10,1,0
BRDA:364,11,0,0
BRDA:364,11,1,0
BRDA:410,12,0,0
BRDA:410,12,1,0
BRDA:430,13,0,0
BRDA:430,13,1,0
BRDA:430,14,0,0
BRDA:430,14,1,0
BRDA:441,15,0,0
BRDA:441,15,1,0
BRDA:449,16,0,0
BRDA:449,16,1,0
BRDA:449,16,2,0
BRDA:449,16,3,0
BRDA:449,16,4,0
BRDA:464,17,0,0
BRDA:464,17,1,0
BRDA:464,17,2,0
BRDA:464,17,3,0
BRDA:464,17,4,0
BRDA:478,18,0,0
BRDA:478,18,1,0
BRDA:478,19,0,0
BRDA:478,19,1,0
BRDA:487,20,0,0
BRDA:487,20,1,0
BRDA:574,21,0,0
BRDA:574,21,1,0
BRDA:586,22,0,0
BRDA:586,22,1,0
BRDA:595,23,0,0
BRDA:595,23,1,0
BRDA:607,24,0,0
BRDA:607,24,1,0
BRDA:644,25,0,0
BRDA:644,25,1,0
BRDA:652,26,0,0
BRDA:652,26,1,0
BRDA:664,27,0,0
BRDA:664,27,1,0
BRDA:679,28,0,0
BRDA:679,28,1,0
BRDA:694,29,0,0
BRDA:694,29,1,0
BRDA:712,30,0,0
BRDA:712,30,1,0
BRDA:742,31,0,0
BRDA:742,31,1,0
BRF:71
BRH:0
end_of_record
TN:
SF:src\components\BalanceChart.tsx
FN:31,BalanceChart
FN:42,(anonymous_1)
FN:46,(anonymous_2)
FN:65,(anonymous_3)
FN:112,(anonymous_4)
FN:116,(anonymous_5)
FN:127,(anonymous_6)
FN:139,(anonymous_7)
FN:140,(anonymous_8)
FN:149,(anonymous_9)
FN:168,(anonymous_10)
FN:171,(anonymous_11)
FN:172,(anonymous_12)
FN:187,(anonymous_13)
FN:197,(anonymous_14)
FN:263,(anonymous_15)
FN:323,(anonymous_16)
FN:328,(anonymous_17)
FN:347,(anonymous_18)
FNF:19
FNH:0
FNDA:0,BalanceChart
FNDA:0,(anonymous_1)
FNDA:0,(anonymous_2)
FNDA:0,(anonymous_3)
FNDA:0,(anonymous_4)
FNDA:0,(anonymous_5)
FNDA:0,(anonymous_6)
FNDA:0,(anonymous_7)
FNDA:0,(anonymous_8)
FNDA:0,(anonymous_9)
FNDA:0,(anonymous_10)
FNDA:0,(anonymous_11)
FNDA:0,(anonymous_12)
FNDA:0,(anonymous_13)
FNDA:0,(anonymous_14)
FNDA:0,(anonymous_15)
FNDA:0,(anonymous_16)
FNDA:0,(anonymous_17)
FNDA:0,(anonymous_18)
DA:36,0
DA:37,0
DA:38,0
DA:39,0
DA:40,0
DA:42,0
DA:43,0
DA:46,0
DA:47,0
DA:48,0
DA:51,0
DA:52,0
DA:54,0
DA:55,0
DA:61,0
DA:65,0
DA:67,0
DA:68,0
DA:70,0
DA:71,0
DA:73,0
DA:74,0
DA:76,0
DA:77,0
DA:79,0
DA:80,0
DA:82,0
DA:83,0
DA:85,0
DA:86,0
DA:88,0
DA:89,0
DA:92,0
DA:94,0
DA:95,0
DA:96,0
DA:97,0
DA:98,0
DA:99,0
DA:101,0
DA:109,0
DA:112,0
DA:113,0
DA:116,0
DA:117,0
DA:119,0
DA:120,0
DA:121,0
DA:122,0
DA:124,0
DA:127,0
DA:128,0
DA:129,0
DA:130,0
DA:131,0
DA:132,0
DA:133,0
DA:134,0
DA:135,0
DA:139,0
DA:140,0
DA:147,0
DA:149,0
DA:152,0
DA:153,0
DA:154,0
DA:155,0
DA:156,0
DA:157,0
DA:158,0
DA:159,0
DA:160,0
DA:162,0
DA:168,0
DA:169,0
DA:171,0
DA:172,0
DA:173,0
DA:175,0
DA:188,0
DA:189,0
DA:190,0
DA:198,0
DA:199,0
DA:200,0
DA:211,0
DA:212,0
DA:230,0
DA:231,0
DA:248,0
DA:249,0
DA:251,0
DA:263,0
DA:324,0
DA:328,0
DA:348,0
LF:96
LH:0
BRDA:33,0,0,0
BRDA:34,1,0,0
BRDA:54,2,0,0
BRDA:54,2,1,0
BRDA:71,3,0,0
BRDA:71,3,1,0
BRDA:71,3,2,0
BRDA:71,3,3,0
BRDA:71,3,4,0
BRDA:71,3,5,0
BRDA:113,4,0,0
BRDA:113,4,1,0
BRDA:117,5,0,0
BRDA:117,5,1,0
BRDA:128,6,0,0
BRDA:128,6,1,0
BRDA:128,6,2,0
BRDA:128,6,3,0
BRDA:128,6,4,0
BRDA:128,6,5,0
BRDA:128,6,6,0
BRDA:169,7,0,0
BRDA:169,7,1,0
BRDA:190,8,0,0
BRDA:190,8,1,0
BRDA:200,9,0,0
BRDA:200,9,1,0
BRDA:211,10,0,0
BRDA:211,10,1,0
BRDA:211,11,0,0
BRDA:211,11,1,0
BRDA:230,12,0,0
BRDA:230,12,1,0
BRDA:265,13,0,0
BRDA:265,13,1,0
BRDA:290,14,0,0
BRDA:290,14,1,0
BRDA:298,15,0,0
BRDA:298,15,1,0
BRDA:304,16,0,0
BRDA:304,16,1,0
BRDA:306,17,0,0
BRDA:306,17,1,0
BRDA:308,18,0,0
BRDA:308,18,1,0
BRDA:310,19,0,0
BRDA:310,19,1,0
BRDA:326,20,0,0
BRDA:326,20,1,0
BRDA:354,21,0,0
BRDA:354,21,1,0
BRDA:357,22,0,0
BRDA:357,22,1,0
BRDA:359,23,0,0
BRDA:359,23,1,0
BRDA:361,24,0,0
BRDA:361,24,1,0
BRF:57
BRH:0
end_of_record
TN:
SF:src\components\ConfirmationModal.tsx
FN:38,ConfirmationModal
FN:57,(anonymous_1)
FN:72,(anonymous_2)
FN:93,(anonymous_3)
FN:100,(anonymous_4)
FN:184,(anonymous_5)
FN:201,(anonymous_6)
FNF:7
FNH:0
FNDA:0,ConfirmationModal
FNDA:0,(anonymous_1)
FNDA:0,(anonymous_2)
FNDA:0,(anonymous_3)
FNDA:0,(anonymous_4)
FNDA:0,(anonymous_5)
FNDA:0,(anonymous_6)
DA:52,0
DA:53,0
DA:54,0
DA:55,0
DA:57,0
DA:58,0
DA:60,0
DA:61,0
DA:64,0
DA:65,0
DA:68,0
DA:69,0
DA:72,0
DA:73,0
DA:74,0
DA:77,0
DA:78,0
DA:79,0
DA:80,0
DA:82,0
DA:83,0
DA:89,0
DA:93,0
DA:94,0
DA:95,0
DA:96,0
DA:97,0
DA:100,0
DA:101,0
DA:103,0
DA:111,0
DA:119,0
DA:128,0
DA:138,0
DA:139,0
DA:141,0
DA:184,0
DA:201,0
LF:38
LH:0
BRDA:45,0,0,0
BRDA:46,1,0,0
BRDA:47,2,0,0
BRDA:48,3,0,0
BRDA:49,4,0,0
BRDA:60,5,0,0
BRDA:60,5,1,0
BRDA:60,6,0,0
BRDA:60,6,1,0
BRDA:64,7,0,0
BRDA:64,7,1,0
BRDA:64,8,0,0
BRDA:64,8,1,0
BRDA:73,9,0,0
BRDA:73,9,1,0
BRDA:82,10,0,0
BRDA:82,10,1,0
BRDA:101,11,0,0
BRDA:101,11,1,0
BRDA:101,11,2,0
BRDA:101,11,3,0
BRDA:101,11,4,0
BRDA:139,12,0,0
BRDA:139,12,1,0
BRDA:161,13,0,0
BRDA:161,13,1,0
BRDA:162,14,0,0
BRDA:162,14,1,0
BRDA:163,15,0,0
BRDA:163,15,1,0
BRDA:164,16,0,0
BRDA:164,16,1,0
BRDA:167,17,0,0
BRDA:167,17,1,0
BRDA:168,18,0,0
BRDA:168,18,1,0
BRDA:169,19,0,0
BRDA:169,19,1,0
BRDA:170,20,0,0
BRDA:170,20,1,0
BRDA:177,21,0,0
BRDA:177,21,1,0
BRDA:186,22,0,0
BRDA:186,22,1,0
BRDA:188,23,0,0
BRDA:188,23,1,0
BRDA:193,24,0,0
BRDA:193,24,1,0
BRDA:203,25,0,0
BRDA:203,25,1,0
BRDA:205,26,0,0
BRDA:205,26,1,0
BRDA:210,27,0,0
BRDA:210,27,1,0
BRDA:222,28,0,0
BRDA:222,28,1,0
BRDA:244,29,0,0
BRDA:244,29,1,0
BRF:58
BRH:0
end_of_record
TN:
SF:src\components\ContactSupport.tsx
FN:48,ContactSupport
FN:66,(anonymous_1)
FN:93,(anonymous_2)
FN:135,(anonymous_3)
FN:137,(anonymous_4)
FN:152,(anonymous_5)
FN:155,(anonymous_6)
FN:233,(anonymous_7)
FN:246,(anonymous_8)
FN:259,(anonymous_9)
FN:272,(anonymous_10)
FN:289,(anonymous_11)
FN:305,(anonymous_12)
FN:315,(anonymous_13)
FN:328,(anonymous_14)
FN:365,(anonymous_15)
FNF:16
FNH:0
FNDA:0,ContactSupport
FNDA:0,(anonymous_1)
FNDA:0,(anonymous_2)
FNDA:0,(anonymous_3)
FNDA:0,(anonymous_4)
FNDA:0,(anonymous_5)
FNDA:0,(anonymous_6)
FNDA:0,(anonymous_7)
FNDA:0,(anonymous_8)
FNDA:0,(anonymous_9)
FNDA:0,(anonymous_10)
FNDA:0,(anonymous_11)
FNDA:0,(anonymous_12)
FNDA:0,(anonymous_13)
FNDA:0,(anonymous_14)
FNDA:0,(anonymous_15)
DA:49,0
DA:50,0
DA:51,0
DA:53,0
DA:64,0
DA:66,0
DA:67,0
DA:69,0
DA:70,0
DA:73,0
DA:74,0
DA:75,0
DA:76,0
DA:79,0
DA:80,0
DA:83,0
DA:84,0
DA:85,0
DA:86,0
DA:89,0
DA:90,0
DA:93,0
DA:94,0
DA:95,0
DA:98,0
DA:99,0
DA:102,0
DA:104,0
DA:106,0
DA:112,0
DA:124,0
DA:125,0
DA:131,0
DA:135,0
DA:137,0
DA:138,0
DA:142,0
DA:143,0
DA:152,0
DA:155,0
DA:164,0
DA:233,0
DA:246,0
DA:259,0
DA:272,0
DA:289,0
DA:305,0
DA:315,0
DA:328,0
DA:365,0
LF:50
LH:0
BRDA:69,0,0,0
BRDA:69,0,1,0
BRDA:73,1,0,0
BRDA:73,1,1,0
BRDA:75,2,0,0
BRDA:75,2,1,0
BRDA:79,3,0,0
BRDA:79,3,1,0
BRDA:83,4,0,0
BRDA:83,4,1,0
BRDA:85,5,0,0
BRDA:85,5,1,0
BRDA:94,6,0,0
BRDA:94,6,1,0
BRDA:124,7,0,0
BRDA:124,7,1,0
BRDA:142,8,0,0
BRDA:142,8,1,0
BRDA:235,9,0,0
BRDA:235,9,1,0
BRDA:237,10,0,0
BRDA:237,10,1,0
BRDA:248,11,0,0
BRDA:248,11,1,0
BRDA:250,12,0,0
BRDA:250,12,1,0
BRDA:261,13,0,0
BRDA:261,13,1,0
BRDA:263,14,0,0
BRDA:263,14,1,0
BRDA:318,15,0,0
BRDA:318,15,1,0
BRDA:320,16,0,0
BRDA:320,16,1,0
BRDA:338,17,0,0
BRDA:338,17,1,0
BRF:36
BRH:0
end_of_record
TN:
SF:src\components\CreateWalletModal.tsx
FN:45,CreateWalletModal
FN:65,(anonymous_1)
FN:108,(anonymous_2)
FN:114,(anonymous_3)
FN:118,(anonymous_4)
FN:158,(anonymous_5)
FN:174,(anonymous_6)
FN:176,(anonymous_7)
FN:180,(anonymous_8)
FN:196,(anonymous_9)
FN:206,(anonymous_10)
FN:218,(anonymous_11)
FN:233,(anonymous_12)
FN:250,(anonymous_13)
FN:286,(anonymous_14)
FN:295,(anonymous_15)
FN:320,(anonymous_16)
FN:329,(anonymous_17)
FN:361,(anonymous_18)
FN:377,(anonymous_19)
FNF:20
FNH:0
FNDA:0,CreateWalletModal
FNDA:0,(anonymous_1)
FNDA:0,(anonymous_2)
FNDA:0,(anonymous_3)
FNDA:0,(anonymous_4)
FNDA:0,(anonymous_5)
FNDA:0,(anonymous_6)
FNDA:0,(anonymous_7)
FNDA:0,(anonymous_8)
FNDA:0,(anonymous_9)
FNDA:0,(anonymous_10)
FNDA:0,(anonymous_11)
FNDA:0,(anonymous_12)
FNDA:0,(anonymous_13)
FNDA:0,(anonymous_14)
FNDA:0,(anonymous_15)
FNDA:0,(anonymous_16)
FNDA:0,(anonymous_17)
FNDA:0,(anonymous_18)
FNDA:0,(anonymous_19)
DA:46,0
DA:47,0
DA:48,0
DA:49,0
DA:50,0
DA:52,0
DA:63,0
DA:65,0
DA:66,0
DA:68,0
DA:69,0
DA:70,0
DA:72,0
DA:73,0
DA:75,0
DA:76,0
DA:78,0
DA:79,0
DA:83,0
DA:84,0
DA:85,0
DA:86,0
DA:87,0
DA:89,0
DA:90,0
DA:91,0
DA:92,0
DA:96,0
DA:97,0
DA:98,0
DA:99,0
DA:100,0
DA:104,0
DA:105,0
DA:108,0
DA:109,0
DA:110,0
DA:114,0
DA:115,0
DA:118,0
DA:119,0
DA:120,0
DA:123,0
DA:124,0
DA:127,0
DA:137,0
DA:139,0
DA:144,0
DA:145,0
DA:147,0
DA:148,0
DA:154,0
DA:158,0
DA:159,0
DA:160,0
DA:170,0
DA:171,0
DA:174,0
DA:176,0
DA:177,0
DA:180,0
DA:181,0
DA:182,0
DA:183,0
DA:184,0
DA:185,0
DA:186,0
DA:187,0
DA:189,0
DA:190,0
DA:191,0
DA:194,0
DA:196,0
DA:197,0
DA:199,0
DA:206,0
DA:218,0
DA:233,0
DA:250,0
DA:277,0
DA:286,0
DA:295,0
DA:320,0
DA:329,0
DA:353,0
DA:361,0
DA:377,0
DA:405,0
DA:409,0
LF:89
LH:0
BRDA:68,0,0,0
BRDA:68,0,1,0
BRDA:69,1,0,0
BRDA:69,1,1,0
BRDA:72,2,0,0
BRDA:72,2,1,0
BRDA:75,3,0,0
BRDA:75,3,1,0
BRDA:78,4,0,0
BRDA:78,4,1,0
BRDA:83,5,0,0
BRDA:83,5,1,0
BRDA:84,6,0,0
BRDA:84,6,1,0
BRDA:86,7,0,0
BRDA:86,7,1,0
BRDA:89,8,0,0
BRDA:89,8,1,0
BRDA:91,9,0,0
BRDA:91,9,1,0
BRDA:96,10,0,0
BRDA:96,10,1,0
BRDA:97,11,0,0
BRDA:97,11,1,0
BRDA:99,12,0,0
BRDA:99,12,1,0
BRDA:109,13,0,0
BRDA:109,13,1,0
BRDA:119,14,0,0
BRDA:119,14,1,0
BRDA:147,15,0,0
BRDA:147,15,1,0
BRDA:182,16,0,0
BRDA:182,16,1,0
BRDA:183,17,0,0
BRDA:183,17,1,0
BRDA:184,18,0,0
BRDA:184,18,1,0
BRDA:185,19,0,0
BRDA:185,19,1,0
BRDA:186,20,0,0
BRDA:186,20,1,0
BRDA:187,21,0,0
BRDA:187,21,1,0
BRDA:189,22,0,0
BRDA:189,22,1,0
BRDA:190,23,0,0
BRDA:190,23,1,0
BRDA:197,24,0,0
BRDA:197,24,1,0
BRDA:197,24,2,0
BRDA:197,24,3,0
BRDA:208,25,0,0
BRDA:208,25,1,0
BRDA:210,26,0,0
BRDA:210,26,1,0
BRDA:233,27,0,0
BRDA:233,27,1,0
BRDA:234,28,0,0
BRDA:234,28,1,0
BRDA:236,29,0,0
BRDA:236,29,1,0
BRDA:250,30,0,0
BRDA:250,30,1,0
BRDA:251,31,0,0
BRDA:251,31,1,0
BRDA:253,32,0,0
BRDA:253,32,1,0
BRDA:284,33,0,0
BRDA:284,33,1,0
BRDA:288,34,0,0
BRDA:288,34,1,0
BRDA:297,35,0,0
BRDA:297,35,1,0
BRDA:300,36,0,0
BRDA:300,36,1,0
BRDA:302,37,0,0
BRDA:302,37,1,0
BRDA:318,38,0,0
BRDA:318,38,1,0
BRDA:322,39,0,0
BRDA:322,39,1,0
BRDA:331,40,0,0
BRDA:331,40,1,0
BRDA:334,41,0,0
BRDA:334,41,1,0
BRDA:363,42,0,0
BRDA:363,42,1,0
BRDA:365,43,0,0
BRDA:365,43,1,0
BRDA:418,44,0,0
BRDA:418,44,1,0
BRDA:419,45,0,0
BRDA:419,45,1,0
BRDA:439,46,0,0
BRDA:439,46,1,0
BRDA:449,47,0,0
BRDA:449,47,1,0
BRDA:455,48,0,0
BRDA:455,48,1,0
BRF:100
BRH:0
end_of_record
TN:
SF:src\components\CtaSection.tsx
FN:7,(anonymous_0)
FN:10,(anonymous_1)
FN:14,(anonymous_2)
FN:18,(anonymous_3)
FN:28,(anonymous_4)
FN:32,(anonymous_5)
FNF:6
FNH:0
FNDA:0,(anonymous_0)
FNDA:0,(anonymous_1)
FNDA:0,(anonymous_2)
FNDA:0,(anonymous_3)
FNDA:0,(anonymous_4)
FNDA:0,(anonymous_5)
DA:7,0
DA:8,0
DA:10,0
DA:11,0
DA:14,0
DA:15,0
DA:18,0
DA:19,0
DA:25,0
DA:28,0
DA:29,0
DA:32,0
DA:33,0
DA:36,0
LF:14
LH:0
BRF:0
BRH:0
end_of_record
TN:
SF:src\components\ErrorBoundary.tsx
FN:10,(anonymous_0)
FN:48,(anonymous_1)
FN:15,(anonymous_2)
FN:30,(anonymous_3)
FN:52,(anonymous_4)
FN:73,(anonymous_5)
FN:115,(anonymous_6)
FN:132,withErrorBoundary
FN:137,(anonymous_8)
FN:149,useErrorHandler
FN:150,(anonymous_10)
FNF:11
FNH:0
FNDA:0,(anonymous_0)
FNDA:0,(anonymous_1)
FNDA:0,(anonymous_2)
FNDA:0,(anonymous_3)
FNDA:0,(anonymous_4)
FNDA:0,(anonymous_5)
FNDA:0,(anonymous_6)
FNDA:0,withErrorBoundary
FNDA:0,(anonymous_8)
FNDA:0,useErrorHandler
FNDA:0,(anonymous_10)
DA:11,0
DA:12,0
DA:16,0
DA:24,0
DA:31,0
DA:39,0
DA:43,0
DA:44,0
DA:48,0
DA:49,0
DA:53,0
DA:54,0
DA:55,0
DA:57,0
DA:58,0
DA:61,0
DA:64,0
DA:73,0
DA:74,0
DA:76,0
DA:115,0
DA:137,0
DA:138,0
DA:143,0
DA:145,0
DA:150,0
DA:151,0
DA:159,0
DA:160,0
DA:163,0
LF:30
LH:0
BRDA:16,0,0,0
BRDA:16,0,1,0
BRDA:31,1,0,0
BRDA:31,1,1,0
BRDA:43,2,0,0
BRDA:43,2,1,0
BRDA:53,3,0,0
BRDA:53,3,1,0
BRDA:57,4,0,0
BRDA:57,4,1,0
BRDA:89,5,0,0
BRDA:89,5,1,0
BRDA:96,6,0,0
BRDA:96,6,1,0
BRDA:143,7,0,0
BRDA:143,7,1,0
BRDA:151,8,0,0
BRDA:151,8,1,0
BRDA:152,9,0,0
BRDA:152,9,1,0
BRF:20
BRH:0
end_of_record
TN:
SF:src\components\FeaturesSection.tsx
FN:17,(anonymous_0)
FN:84,(anonymous_1)
FN:121,(anonymous_2)
FNF:3
FNH:0
FNDA:0,(anonymous_0)
FNDA:0,(anonymous_1)
FNDA:0,(anonymous_2)
DA:17,0
DA:18,0
DA:59,0
DA:65,0
DA:85,0
DA:122,0
LF:6
LH:0
BRDA:102,0,0,0
BRDA:102,0,1,0
BRF:2
BRH:0
end_of_record
TN:
SF:src\components\GuardianInvitationForm.tsx
FN:49,GuardianInvitationForm
FN:72,(anonymous_1)
FN:76,(anonymous_2)
FN:86,(anonymous_3)
FN:110,(anonymous_4)
FN:141,(anonymous_5)
FN:147,(anonymous_6)
FN:151,(anonymous_7)
FN:184,(anonymous_8)
FN:186,(anonymous_9)
FN:190,(anonymous_10)
FN:211,(anonymous_11)
FN:213,(anonymous_12)
FN:216,(anonymous_13)
FN:235,(anonymous_14)
FN:254,(anonymous_15)
FN:264,(anonymous_16)
FN:277,(anonymous_17)
FN:289,(anonymous_18)
FN:301,(anonymous_19)
FN:317,(anonymous_20)
FN:336,(anonymous_21)
FN:352,(anonymous_22)
FN:369,(anonymous_23)
FN:474,(anonymous_24)
FN:492,(anonymous_25)
FNF:26
FNH:0
FNDA:0,GuardianInvitationForm
FNDA:0,(anonymous_1)
FNDA:0,(anonymous_2)
FNDA:0,(anonymous_3)
FNDA:0,(anonymous_4)
FNDA:0,(anonymous_5)
FNDA:0,(anonymous_6)
FNDA:0,(anonymous_7)
FNDA:0,(anonymous_8)
FNDA:0,(anonymous_9)
FNDA:0,(anonymous_10)
FNDA:0,(anonymous_11)
FNDA:0,(anonymous_12)
FNDA:0,(anonymous_13)
FNDA:0,(anonymous_14)
FNDA:0,(anonymous_15)
FNDA:0,(anonymous_16)
FNDA:0,(anonymous_17)
FNDA:0,(anonymous_18)
FNDA:0,(anonymous_19)
FNDA:0,(anonymous_20)
FNDA:0,(anonymous_21)
FNDA:0,(anonymous_22)
FNDA:0,(anonymous_23)
FNDA:0,(anonymous_24)
FNDA:0,(anonymous_25)
DA:54,0
DA:55,0
DA:56,0
DA:58,0
DA:69,0
DA:70,0
DA:72,0
DA:73,0
DA:76,0
DA:77,0
DA:79,0
DA:80,0
DA:82,0
DA:86,0
DA:88,0
DA:110,0
DA:111,0
DA:113,0
DA:114,0
DA:115,0
DA:117,0
DA:118,0
DA:119,0
DA:120,0
DA:122,0
DA:123,0
DA:127,0
DA:128,0
DA:129,0
DA:130,0
DA:131,0
DA:132,0
DA:137,0
DA:138,0
DA:141,0
DA:142,0
DA:143,0
DA:147,0
DA:148,0
DA:151,0
DA:152,0
DA:153,0
DA:156,0
DA:157,0
DA:160,0
DA:162,0
DA:167,0
DA:170,0
DA:173,0
DA:174,0
DA:180,0
DA:184,0
DA:186,0
DA:187,0
DA:190,0
DA:191,0
DA:193,0
DA:195,0
DA:200,0
DA:202,0
DA:203,0
DA:211,0
DA:213,0
DA:216,0
DA:217,0
DA:219,0
DA:221,0
DA:223,0
DA:225,0
DA:227,0
DA:229,0
DA:231,0
DA:235,0
DA:236,0
DA:238,0
DA:240,0
DA:242,0
DA:244,0
DA:246,0
DA:248,0
DA:250,0
DA:254,0
DA:255,0
DA:257,0
DA:264,0
DA:277,0
DA:289,0
DA:301,0
DA:310,0
DA:317,0
DA:336,0
DA:352,0
DA:369,0
DA:378,0
DA:382,0
DA:475,0
DA:492,0
LF:97
LH:0
BRDA:82,0,0,0
BRDA:82,0,1,0
BRDA:113,1,0,0
BRDA:113,1,1,0
BRDA:114,2,0,0
BRDA:114,2,1,0
BRDA:117,3,0,0
BRDA:117,3,1,0
BRDA:119,4,0,0
BRDA:119,4,1,0
BRDA:122,5,0,0
BRDA:122,5,1,0
BRDA:127,6,0,0
BRDA:127,6,1,0
BRDA:128,7,0,0
BRDA:128,7,1,0
BRDA:128,8,0,0
BRDA:128,8,1,0
BRDA:129,9,0,0
BRDA:129,9,1,0
BRDA:131,10,0,0
BRDA:131,10,1,0
BRDA:142,11,0,0
BRDA:142,11,1,0
BRDA:152,12,0,0
BRDA:152,12,1,0
BRDA:173,13,0,0
BRDA:173,13,1,0
BRDA:202,14,0,0
BRDA:202,14,1,0
BRDA:217,15,0,0
BRDA:217,15,1,0
BRDA:217,15,2,0
BRDA:217,15,3,0
BRDA:217,15,4,0
BRDA:217,15,5,0
BRDA:217,15,6,0
BRDA:236,16,0,0
BRDA:236,16,1,0
BRDA:236,16,2,0
BRDA:236,16,3,0
BRDA:236,16,4,0
BRDA:236,16,5,0
BRDA:236,16,6,0
BRDA:255,17,0,0
BRDA:255,17,1,0
BRDA:255,17,2,0
BRDA:266,18,0,0
BRDA:266,18,1,0
BRDA:268,19,0,0
BRDA:268,19,1,0
BRDA:279,20,0,0
BRDA:279,20,1,0
BRDA:281,21,0,0
BRDA:281,21,1,0
BRDA:291,22,0,0
BRDA:291,22,1,0
BRDA:293,23,0,0
BRDA:293,23,1,0
BRDA:329,24,0,0
BRDA:329,24,1,0
BRDA:329,24,2,0
BRDA:338,25,0,0
BRDA:338,25,1,0
BRDA:340,26,0,0
BRDA:340,26,1,0
BRDA:392,27,0,0
BRDA:392,27,1,0
BRDA:421,28,0,0
BRDA:421,28,1,0
BRDA:428,29,0,0
BRDA:428,29,1,0
BRDA:433,30,0,0
BRDA:433,30,1,0
BRDA:439,31,0,0
BRDA:439,31,1,0
BRDA:456,32,0,0
BRDA:456,32,1,0
BRDA:488,33,0,0
BRDA:488,33,1,0
BRDA:488,33,2,0
BRF:81
BRH:0
end_of_record
TN:
SF:src\components\GuardianManagement.tsx
FN:47,GuardianManagement
FN:66,(anonymous_1)
FN:72,(anonymous_2)
FN:103,(anonymous_3)
FN:125,(anonymous_4)
FN:166,(anonymous_5)
FN:187,(anonymous_6)
FN:188,(anonymous_7)
FN:196,(anonymous_8)
FN:206,(anonymous_9)
FN:213,(anonymous_10)
FN:236,(anonymous_11)
FN:300,(anonymous_12)
FN:310,(anonymous_13)
FN:319,(anonymous_14)
FN:328,(anonymous_15)
FN:335,(anonymous_16)
FN:348,(anonymous_17)
FN:391,(anonymous_18)
FN:399,(anonymous_19)
FN:407,(anonymous_20)
FN:426,(anonymous_21)
FN:454,(anonymous_22)
FN:493,(anonymous_23)
FNF:24
FNH:0
FNDA:0,GuardianManagement
FNDA:0,(anonymous_1)
FNDA:0,(anonymous_2)
FNDA:0,(anonymous_3)
FNDA:0,(anonymous_4)
FNDA:0,(anonymous_5)
FNDA:0,(anonymous_6)
FNDA:0,(anonymous_7)
FNDA:0,(anonymous_8)
FNDA:0,(anonymous_9)
FNDA:0,(anonymous_10)
FNDA:0,(anonymous_11)
FNDA:0,(anonymous_12)
FNDA:0,(anonymous_13)
FNDA:0,(anonymous_14)
FNDA:0,(anonymous_15)
FNDA:0,(anonymous_16)
FNDA:0,(anonymous_17)
FNDA:0,(anonymous_18)
FNDA:0,(anonymous_19)
FNDA:0,(anonymous_20)
FNDA:0,(anonymous_21)
FNDA:0,(anonymous_22)
FNDA:0,(anonymous_23)
DA:48,0
DA:49,0
DA:50,0
DA:51,0
DA:52,0
DA:53,0
DA:54,0
DA:55,0
DA:56,0
DA:59,0
DA:66,0
DA:67,0
DA:68,0
DA:72,0
DA:73,0
DA:75,0
DA:76,0
DA:79,0
DA:80,0
DA:81,0
DA:84,0
DA:85,0
DA:88,0
DA:89,0
DA:92,0
DA:93,0
DA:99,0
DA:103,0
DA:104,0
DA:106,0
DA:107,0
DA:108,0
DA:109,0
DA:110,0
DA:118,0
DA:122,0
DA:125,0
DA:126,0
DA:128,0
DA:130,0
DA:131,0
DA:136,0
DA:140,0
DA:148,0
DA:149,0
DA:150,0
DA:152,0
DA:157,0
DA:158,0
DA:166,0
DA:167,0
DA:169,0
DA:170,0
DA:171,0
DA:173,0
DA:178,0
DA:179,0
DA:187,0
DA:188,0
DA:189,0
DA:191,0
DA:192,0
DA:193,0
DA:196,0
DA:197,0
DA:198,0
DA:199,0
DA:206,0
DA:207,0
DA:209,0
DA:213,0
DA:220,0
DA:221,0
DA:222,0
DA:223,0
DA:224,0
DA:225,0
DA:226,0
DA:227,0
DA:228,0
DA:230,0
DA:236,0
DA:237,0
DA:239,0
DA:241,0
DA:243,0
DA:245,0
DA:249,0
DA:250,0
DA:258,0
DA:259,0
DA:267,0
DA:300,0
DA:310,0
DA:319,0
DA:328,0
DA:335,0
DA:349,0
DA:391,0
DA:399,0
DA:407,0
DA:426,0
DA:454,0
DA:493,0
LF:104
LH:0
BRDA:67,0,0,0
BRDA:67,0,1,0
BRDA:67,1,0,0
BRDA:67,1,1,0
BRDA:73,2,0,0
BRDA:73,2,1,0
BRDA:73,3,0,0
BRDA:73,3,1,0
BRDA:80,4,0,0
BRDA:80,4,1,0
BRDA:92,5,0,0
BRDA:92,5,1,0
BRDA:109,6,0,0
BRDA:109,6,1,0
BRDA:114,7,0,0
BRDA:114,7,1,0
BRDA:118,8,0,0
BRDA:118,8,1,0
BRDA:126,9,0,0
BRDA:126,9,1,0
BRDA:126,10,0,0
BRDA:126,10,1,0
BRDA:130,11,0,0
BRDA:130,11,1,0
BRDA:130,12,0,0
BRDA:130,12,1,0
BRDA:157,13,0,0
BRDA:157,13,1,0
BRDA:167,14,0,0
BRDA:167,14,1,0
BRDA:167,15,0,0
BRDA:167,15,1,0
BRDA:178,16,0,0
BRDA:178,16,1,0
BRDA:189,17,0,0
BRDA:189,17,1,0
BRDA:197,18,0,0
BRDA:197,18,1,0
BRDA:207,19,0,0
BRDA:207,19,1,0
BRDA:207,20,0,0
BRDA:207,20,1,0
BRDA:237,21,0,0
BRDA:237,21,1,0
BRDA:237,21,2,0
BRDA:237,21,3,0
BRDA:249,22,0,0
BRDA:249,22,1,0
BRDA:249,23,0,0
BRDA:249,23,1,0
BRDA:258,24,0,0
BRDA:258,24,1,0
BRDA:365,25,0,0
BRDA:365,25,1,0
BRDA:373,26,0,0
BRDA:373,26,1,0
BRDA:380,27,0,0
BRDA:380,27,1,0
BRDA:418,28,0,0
BRDA:418,28,1,0
BRDA:445,29,0,0
BRDA:445,29,1,0
BRDA:461,30,0,0
BRDA:461,30,1,0
BRF:64
BRH:0
end_of_record
TN:
SF:src\components\GuardianStatusChart.tsx
FN:48,GuardianStatusChart
FN:56,(anonymous_1)
FN:60,(anonymous_2)
FN:79,(anonymous_3)
FN:150,(anonymous_4)
FN:152,(anonymous_5)
FN:153,(anonymous_6)
FN:154,(anonymous_7)
FN:155,(anonymous_8)
FN:157,(anonymous_9)
FN:158,(anonymous_10)
FN:171,(anonymous_11)
FN:186,(anonymous_12)
FN:201,(anonymous_13)
FN:214,(anonymous_14)
FN:215,(anonymous_15)
FN:229,(anonymous_16)
FN:248,(anonymous_17)
FN:397,(anonymous_18)
FNF:19
FNH:0
FNDA:0,GuardianStatusChart
FNDA:0,(anonymous_1)
FNDA:0,(anonymous_2)
FNDA:0,(anonymous_3)
FNDA:0,(anonymous_4)
FNDA:0,(anonymous_5)
FNDA:0,(anonymous_6)
FNDA:0,(anonymous_7)
FNDA:0,(anonymous_8)
FNDA:0,(anonymous_9)
FNDA:0,(anonymous_10)
FNDA:0,(anonymous_11)
FNDA:0,(anonymous_12)
FNDA:0,(anonymous_13)
FNDA:0,(anonymous_14)
FNDA:0,(anonymous_15)
FNDA:0,(anonymous_16)
FNDA:0,(anonymous_17)
FNDA:0,(anonymous_18)
DA:52,0
DA:53,0
DA:54,0
DA:56,0
DA:57,0
DA:60,0
DA:61,0
DA:62,0
DA:65,0
DA:66,0
DA:68,0
DA:69,0
DA:75,0
DA:79,0
DA:81,0
DA:150,0
DA:151,0
DA:152,0
DA:153,0
DA:154,0
DA:155,0
DA:157,0
DA:158,0
DA:160,0
DA:171,0
DA:172,0
DA:174,0
DA:176,0
DA:178,0
DA:180,0
DA:182,0
DA:186,0
DA:187,0
DA:189,0
DA:191,0
DA:193,0
DA:195,0
DA:197,0
DA:201,0
DA:202,0
DA:204,0
DA:206,0
DA:208,0
DA:210,0
DA:214,0
DA:215,0
DA:227,0
DA:229,0
DA:232,0
DA:233,0
DA:234,0
DA:235,0
DA:236,0
DA:237,0
DA:238,0
DA:239,0
DA:240,0
DA:242,0
DA:248,0
DA:249,0
DA:250,0
DA:252,0
DA:254,0
DA:301,0
DA:302,0
DA:320,0
DA:321,0
DA:338,0
DA:340,0
DA:398,0
LF:70
LH:0
BRDA:50,0,0,0
BRDA:68,1,0,0
BRDA:68,1,1,0
BRDA:172,2,0,0
BRDA:172,2,1,0
BRDA:172,2,2,0
BRDA:172,2,3,0
BRDA:172,2,4,0
BRDA:187,3,0,0
BRDA:187,3,1,0
BRDA:187,3,2,0
BRDA:187,3,3,0
BRDA:187,3,4,0
BRDA:202,4,0,0
BRDA:202,4,1,0
BRDA:202,4,2,0
BRDA:202,4,3,0
BRDA:252,5,0,0
BRDA:252,5,1,0
BRDA:301,6,0,0
BRDA:301,6,1,0
BRDA:301,7,0,0
BRDA:301,7,1,0
BRDA:320,8,0,0
BRDA:320,8,1,0
BRDA:387,9,0,0
BRDA:387,9,1,0
BRF:27
BRH:0
end_of_record
TN:
SF:src\components\HelpDocumentation.tsx
FN:31,HelpDocumentation
FN:333,(anonymous_1)
FN:337,(anonymous_2)
FN:343,(anonymous_3)
FN:346,(anonymous_4)
FN:355,(anonymous_5)
FN:365,(anonymous_6)
FN:403,(anonymous_7)
FN:412,(anonymous_8)
FN:417,(anonymous_9)
FN:441,(anonymous_10)
FN:505,(anonymous_11)
FNF:12
FNH:0
FNDA:0,HelpDocumentation
FNDA:0,(anonymous_1)
FNDA:0,(anonymous_2)
FNDA:0,(anonymous_3)
FNDA:0,(anonymous_4)
FNDA:0,(anonymous_5)
FNDA:0,(anonymous_6)
FNDA:0,(anonymous_7)
FNDA:0,(anonymous_8)
FNDA:0,(anonymous_9)
FNDA:0,(anonymous_10)
FNDA:0,(anonymous_11)
DA:32,0
DA:33,0
DA:34,0
DA:36,0
DA:333,0
DA:334,0
DA:337,0
DA:338,0
DA:339,0
DA:340,0
DA:343,0
DA:344,0
DA:347,0
DA:352,0
DA:355,0
DA:356,0
DA:357,0
DA:358,0
DA:360,0
DA:362,0
DA:365,0
DA:367,0
DA:380,0
DA:403,0
DA:413,0
DA:417,0
DA:442,0
DA:505,0
LF:28
LH:0
BRDA:338,0,0,0
BRDA:338,0,1,0
BRDA:344,1,0,0
BRDA:344,1,1,0
BRDA:344,1,2,0
BRDA:347,2,0,0
BRDA:347,2,1,0
BRDA:357,3,0,0
BRDA:357,3,1,0
BRDA:423,4,0,0
BRDA:423,4,1,0
BRDA:431,5,0,0
BRDA:431,5,1,0
BRDA:438,6,0,0
BRDA:438,6,1,0
BRF:15
BRH:0
end_of_record
TN:
SF:src\components\HeroSection.tsx
FN:6,(anonymous_0)
FN:9,(anonymous_1)
FN:13,(anonymous_2)
FNF:3
FNH:0
FNDA:0,(anonymous_0)
FNDA:0,(anonymous_1)
FNDA:0,(anonymous_2)
DA:6,0
DA:7,0
DA:9,0
DA:10,0
DA:13,0
DA:14,0
DA:17,0
LF:7
LH:0
BRF:0
BRH:0
end_of_record
TN:
SF:src\components\HowItWorksSection.tsx
FN:14,(anonymous_0)
FN:90,(anonymous_1)
FN:108,(anonymous_2)
FN:126,(anonymous_3)
FNF:4
FNH:0
FNDA:0,(anonymous_0)
FNDA:0,(anonymous_1)
FNDA:0,(anonymous_2)
FNDA:0,(anonymous_3)
DA:14,0
DA:15,0
DA:46,0
DA:69,0
DA:91,0
DA:109,0
DA:127,0
LF:7
LH:0
BRDA:135,0,0,0
BRDA:135,0,1,0
BRF:2
BRH:0
end_of_record
TN:
SF:src\components\LazyComponents.tsx
FN:4,(anonymous_0)
FN:5,(anonymous_1)
FN:6,(anonymous_2)
FN:7,(anonymous_3)
FN:9,(anonymous_4)
FN:11,(anonymous_5)
FN:12,(anonymous_6)
FN:14,(anonymous_7)
FN:17,(anonymous_8)
FN:18,(anonymous_9)
FN:19,(anonymous_10)
FN:22,(anonymous_11)
FN:23,(anonymous_12)
FN:24,(anonymous_13)
FN:25,(anonymous_14)
FN:26,(anonymous_15)
FN:29,(anonymous_16)
FN:30,(anonymous_17)
FN:31,(anonymous_18)
FN:34,(anonymous_19)
FN:36,(anonymous_20)
FN:37,(anonymous_21)
FN:38,(anonymous_22)
FN:39,(anonymous_23)
FN:42,(anonymous_24)
FN:43,(anonymous_25)
FN:44,(anonymous_26)
FN:46,(anonymous_27)
FNF:28
FNH:0
FNDA:0,(anonymous_0)
FNDA:0,(anonymous_1)
FNDA:0,(anonymous_2)
FNDA:0,(anonymous_3)
FNDA:0,(anonymous_4)
FNDA:0,(anonymous_5)
FNDA:0,(anonymous_6)
FNDA:0,(anonymous_7)
FNDA:0,(anonymous_8)
FNDA:0,(anonymous_9)
FNDA:0,(anonymous_10)
FNDA:0,(anonymous_11)
FNDA:0,(anonymous_12)
FNDA:0,(anonymous_13)
FNDA:0,(anonymous_14)
FNDA:0,(anonymous_15)
FNDA:0,(anonymous_16)
FNDA:0,(anonymous_17)
FNDA:0,(anonymous_18)
FNDA:0,(anonymous_19)
FNDA:0,(anonymous_20)
FNDA:0,(anonymous_21)
FNDA:0,(anonymous_22)
FNDA:0,(anonymous_23)
FNDA:0,(anonymous_24)
FNDA:0,(anonymous_25)
FNDA:0,(anonymous_26)
FNDA:0,(anonymous_27)
DA:4,0
DA:5,0
DA:6,0
DA:7,0
DA:9,0
DA:11,0
DA:12,0
DA:14,0
DA:17,0
DA:18,0
DA:19,0
DA:22,0
DA:23,0
DA:24,0
DA:25,0
DA:26,0
DA:29,0
DA:30,0
DA:31,0
DA:34,0
DA:36,0
DA:37,0
DA:38,0
DA:39,0
DA:42,0
DA:43,0
DA:44,0
DA:46,0
LF:28
LH:0
BRF:0
BRH:0
end_of_record
TN:
SF:src\components\PasswordStrengthMeter.tsx
FN:41,PasswordStrengthMeter
FN:65,(anonymous_1)
FN:71,(anonymous_2)
FN:172,(anonymous_3)
FN:181,(anonymous_4)
FN:190,(anonymous_5)
FN:198,(anonymous_6)
FN:233,(anonymous_7)
FN:301,(anonymous_8)
FNF:9
FNH:0
FNDA:0,PasswordStrengthMeter
FNDA:0,(anonymous_1)
FNDA:0,(anonymous_2)
FNDA:0,(anonymous_3)
FNDA:0,(anonymous_4)
FNDA:0,(anonymous_5)
FNDA:0,(anonymous_6)
FNDA:0,(anonymous_7)
FNDA:0,(anonymous_8)
DA:47,0
DA:63,0
DA:65,0
DA:66,0
DA:67,0
DA:68,0
DA:71,0
DA:72,0
DA:82,0
DA:83,0
DA:86,0
DA:87,0
DA:88,0
DA:90,0
DA:91,0
DA:94,0
DA:95,0
DA:97,0
DA:98,0
DA:100,0
DA:101,0
DA:103,0
DA:104,0
DA:107,0
DA:109,0
DA:110,0
DA:113,0
DA:115,0
DA:116,0
DA:120,0
DA:121,0
DA:124,0
DA:125,0
DA:126,0
DA:129,0
DA:136,0
DA:137,0
DA:138,0
DA:139,0
DA:140,0
DA:141,0
DA:142,0
DA:143,0
DA:144,0
DA:145,0
DA:146,0
DA:147,0
DA:148,0
DA:149,0
DA:150,0
DA:151,0
DA:152,0
DA:153,0
DA:154,0
DA:155,0
DA:157,0
DA:158,0
DA:159,0
DA:162,0
DA:172,0
DA:173,0
DA:178,0
DA:181,0
DA:182,0
DA:183,0
DA:184,0
DA:187,0
DA:190,0
DA:191,0
DA:198,0
DA:199,0
DA:202,0
DA:204,0
DA:206,0
DA:209,0
DA:211,0
DA:215,0
DA:233,0
DA:302,0
LF:79
LH:0
BRDA:43,0,0,0
BRDA:44,1,0,0
BRDA:86,2,0,0
BRDA:86,2,1,0
BRDA:87,3,0,0
BRDA:87,3,1,0
BRDA:90,4,0,0
BRDA:90,4,1,0
BRDA:91,5,0,0
BRDA:91,5,1,0
BRDA:94,6,0,0
BRDA:94,6,1,0
BRDA:97,7,0,0
BRDA:97,7,1,0
BRDA:100,8,0,0
BRDA:100,8,1,0
BRDA:103,9,0,0
BRDA:103,9,1,0
BRDA:107,10,0,0
BRDA:107,10,1,0
BRDA:113,11,0,0
BRDA:113,11,1,0
BRDA:120,12,0,0
BRDA:120,12,1,0
BRDA:121,13,0,0
BRDA:121,13,1,0
BRDA:125,14,0,0
BRDA:125,14,1,0
BRDA:126,15,0,0
BRDA:126,15,1,0
BRDA:136,16,0,0
BRDA:136,16,1,0
BRDA:140,17,0,0
BRDA:140,17,1,0
BRDA:144,18,0,0
BRDA:144,18,1,0
BRDA:148,19,0,0
BRDA:148,19,1,0
BRDA:152,20,0,0
BRDA:152,20,1,0
BRDA:183,21,0,0
BRDA:183,21,1,0
BRDA:183,22,0,0
BRDA:183,22,1,0
BRDA:191,23,0,0
BRDA:191,23,1,0
BRDA:199,24,0,0
BRDA:199,24,1,0
BRDA:199,24,2,0
BRDA:199,24,3,0
BRDA:199,24,4,0
BRDA:199,24,5,0
BRDA:199,24,6,0
BRDA:225,25,0,0
BRDA:225,25,1,0
BRDA:228,26,0,0
BRDA:228,26,1,0
BRDA:228,27,0,0
BRDA:228,27,1,0
BRDA:235,28,0,0
BRDA:235,28,1,0
BRDA:247,29,0,0
BRDA:247,29,1,0
BRDA:247,30,0,0
BRDA:247,30,1,0
BRDA:248,31,0,0
BRDA:248,31,1,0
BRDA:257,32,0,0
BRDA:257,32,1,0
BRDA:294,33,0,0
BRDA:294,33,1,0
BRF:71
BRH:0
end_of_record
TN:
SF:src\components\ProfileUpdateForm.tsx
FN:67,ProfileUpdateForm
FN:124,(anonymous_1)
FN:128,(anonymous_2)
FN:133,(anonymous_3)
FN:143,(anonymous_4)
FN:180,(anonymous_5)
FN:202,(anonymous_6)
FN:221,(anonymous_7)
FN:251,(anonymous_8)
FN:286,(anonymous_9)
FN:288,(anonymous_10)
FN:291,(anonymous_11)
FN:293,(anonymous_12)
FN:296,(anonymous_13)
FN:304,(anonymous_14)
FN:315,(anonymous_15)
FN:327,(anonymous_16)
FN:339,(anonymous_17)
FN:351,(anonymous_18)
FN:361,(anonymous_19)
FN:373,(anonymous_20)
FN:392,(anonymous_21)
FN:407,(anonymous_22)
FN:421,(anonymous_23)
FN:440,(anonymous_24)
FN:459,(anonymous_25)
FN:494,(anonymous_26)
FN:502,(anonymous_27)
FN:519,(anonymous_28)
FN:539,(anonymous_29)
FN:556,(anonymous_30)
FN:577,(anonymous_31)
FN:592,(anonymous_32)
FN:603,(anonymous_33)
FN:622,(anonymous_34)
FN:635,(anonymous_35)
FN:644,(anonymous_36)
FN:652,(anonymous_37)
FN:667,(anonymous_38)
FN:675,(anonymous_39)
FN:690,(anonymous_40)
FN:698,(anonymous_41)
FN:749,(anonymous_42)
FN:752,(anonymous_43)
FNF:44
FNH:0
FNDA:0,ProfileUpdateForm
FNDA:0,(anonymous_1)
FNDA:0,(anonymous_2)
FNDA:0,(anonymous_3)
FNDA:0,(anonymous_4)
FNDA:0,(anonymous_5)
FNDA:0,(anonymous_6)
FNDA:0,(anonymous_7)
FNDA:0,(anonymous_8)
FNDA:0,(anonymous_9)
FNDA:0,(anonymous_10)
FNDA:0,(anonymous_11)
FNDA:0,(anonymous_12)
FNDA:0,(anonymous_13)
FNDA:0,(anonymous_14)
FNDA:0,(anonymous_15)
FNDA:0,(anonymous_16)
FNDA:0,(anonymous_17)
FNDA:0,(anonymous_18)
FNDA:0,(anonymous_19)
FNDA:0,(anonymous_20)
FNDA:0,(anonymous_21)
FNDA:0,(anonymous_22)
FNDA:0,(anonymous_23)
FNDA:0,(anonymous_24)
FNDA:0,(anonymous_25)
FNDA:0,(anonymous_26)
FNDA:0,(anonymous_27)
FNDA:0,(anonymous_28)
FNDA:0,(anonymous_29)
FNDA:0,(anonymous_30)
FNDA:0,(anonymous_31)
FNDA:0,(anonymous_32)
FNDA:0,(anonymous_33)
FNDA:0,(anonymous_34)
FNDA:0,(anonymous_35)
FNDA:0,(anonymous_36)
FNDA:0,(anonymous_37)
FNDA:0,(anonymous_38)
FNDA:0,(anonymous_39)
FNDA:0,(anonymous_40)
FNDA:0,(anonymous_41)
FNDA:0,(anonymous_42)
FNDA:0,(anonymous_43)
DA:72,0
DA:73,0
DA:74,0
DA:75,0
DA:81,0
DA:115,0
DA:121,0
DA:122,0
DA:124,0
DA:125,0
DA:128,0
DA:130,0
DA:133,0
DA:134,0
DA:136,0
DA:137,0
DA:139,0
DA:143,0
DA:145,0
DA:180,0
DA:181,0
DA:183,0
DA:184,0
DA:186,0
DA:187,0
DA:188,0
DA:189,0
DA:191,0
DA:192,0
DA:194,0
DA:195,0
DA:198,0
DA:199,0
DA:202,0
DA:203,0
DA:205,0
DA:206,0
DA:208,0
DA:209,0
DA:210,0
DA:211,0
DA:213,0
DA:214,0
DA:217,0
DA:218,0
DA:221,0
DA:222,0
DA:223,0
DA:226,0
DA:227,0
DA:230,0
DA:232,0
DA:237,0
DA:240,0
DA:241,0
DA:247,0
DA:251,0
DA:252,0
DA:253,0
DA:256,0
DA:257,0
DA:260,0
DA:262,0
DA:268,0
DA:275,0
DA:276,0
DA:282,0
DA:286,0
DA:288,0
DA:291,0
DA:293,0
DA:296,0
DA:297,0
DA:304,0
DA:315,0
DA:327,0
DA:339,0
DA:351,0
DA:361,0
DA:373,0
DA:392,0
DA:407,0
DA:408,0
DA:421,0
DA:440,0
DA:459,0
DA:494,0
DA:495,0
DA:502,0
DA:519,0
DA:539,0
DA:556,0
DA:577,0
DA:592,0
DA:604,0
DA:622,0
DA:635,0
DA:636,0
DA:644,0
DA:652,0
DA:667,0
DA:675,0
DA:690,0
DA:698,0
DA:724,0
DA:731,0
DA:750,0
DA:752,0
LF:108
LH:0
BRDA:139,0,0,0
BRDA:139,0,1,0
BRDA:183,1,0,0
BRDA:183,1,1,0
BRDA:186,2,0,0
BRDA:186,2,1,0
BRDA:188,3,0,0
BRDA:188,3,1,0
BRDA:191,4,0,0
BRDA:191,4,1,0
BRDA:194,5,0,0
BRDA:194,5,1,0
BRDA:205,6,0,0
BRDA:205,6,1,0
BRDA:208,7,0,0
BRDA:208,7,1,0
BRDA:210,8,0,0
BRDA:210,8,1,0
BRDA:213,9,0,0
BRDA:213,9,1,0
BRDA:222,10,0,0
BRDA:222,10,1,0
BRDA:240,11,0,0
BRDA:240,11,1,0
BRDA:252,12,0,0
BRDA:252,12,1,0
BRDA:275,13,0,0
BRDA:275,13,1,0
BRDA:305,14,0,0
BRDA:305,14,1,0
BRDA:307,15,0,0
BRDA:307,15,1,0
BRDA:316,16,0,0
BRDA:316,16,1,0
BRDA:318,17,0,0
BRDA:318,17,1,0
BRDA:328,18,0,0
BRDA:328,18,1,0
BRDA:330,19,0,0
BRDA:330,19,1,0
BRDA:340,20,0,0
BRDA:340,20,1,0
BRDA:342,21,0,0
BRDA:342,21,1,0
BRDA:473,22,0,0
BRDA:473,22,1,0
BRDA:474,23,0,0
BRDA:474,23,1,0
BRDA:479,24,0,0
BRDA:479,24,1,0
BRDA:480,25,0,0
BRDA:480,25,1,0
BRDA:579,26,0,0
BRDA:579,26,1,0
BRDA:594,27,0,0
BRDA:594,27,1,0
BRDA:610,28,0,0
BRDA:610,28,1,0
BRDA:611,29,0,0
BRDA:611,29,1,0
BRDA:612,30,0,0
BRDA:612,30,1,0
BRDA:613,31,0,0
BRDA:613,31,1,0
BRDA:614,32,0,0
BRDA:614,32,1,0
BRDA:615,33,0,0
BRDA:615,33,1,0
BRDA:642,34,0,0
BRDA:642,34,1,0
BRDA:645,35,0,0
BRDA:645,35,1,0
BRDA:654,36,0,0
BRDA:654,36,1,0
BRDA:657,37,0,0
BRDA:657,37,1,0
BRDA:665,38,0,0
BRDA:665,38,1,0
BRDA:668,39,0,0
BRDA:668,39,1,0
BRDA:677,40,0,0
BRDA:677,40,1,0
BRDA:680,41,0,0
BRDA:680,41,1,0
BRDA:688,42,0,0
BRDA:688,42,1,0
BRDA:691,43,0,0
BRDA:691,43,1,0
BRDA:700,44,0,0
BRDA:700,44,1,0
BRDA:703,45,0,0
BRDA:703,45,1,0
BRDA:708,46,0,0
BRDA:708,46,1,0
BRDA:754,47,0,0
BRDA:754,47,1,0
BRDA:769,48,0,0
BRDA:769,48,1,0
BRDA:770,49,0,0
BRDA:770,49,1,0
BRDA:771,50,0,0
BRDA:771,50,1,0
BRDA:772,51,0,0
BRDA:772,51,1,0
BRDA:777,52,0,0
BRDA:777,52,1,0
BRDA:779,53,0,0
BRDA:779,53,1,0
BRDA:784,54,0,0
BRDA:784,54,1,0
BRDA:785,55,0,0
BRDA:785,55,1,0
BRF:112
BRH:0
end_of_record
TN:
SF:src\components\QRCodeGenerator.tsx
FN:33,QRCodeGenerator
FN:53,(anonymous_1)
FN:59,(anonymous_2)
FN:80,(anonymous_3)
FN:126,(anonymous_4)
FN:141,(anonymous_5)
FN:146,(anonymous_6)
FN:163,(anonymous_7)
FN:168,(anonymous_8)
FN:169,(anonymous_9)
FN:194,(anonymous_10)
FN:214,(anonymous_11)
FN:232,(anonymous_12)
FN:243,(anonymous_13)
FN:253,(anonymous_14)
FN:270,(anonymous_15)
FN:282,(anonymous_16)
FN:314,(anonymous_17)
FNF:18
FNH:0
FNDA:0,QRCodeGenerator
FNDA:0,(anonymous_1)
FNDA:0,(anonymous_2)
FNDA:0,(anonymous_3)
FNDA:0,(anonymous_4)
FNDA:0,(anonymous_5)
FNDA:0,(anonymous_6)
FNDA:0,(anonymous_7)
FNDA:0,(anonymous_8)
FNDA:0,(anonymous_9)
FNDA:0,(anonymous_10)
FNDA:0,(anonymous_11)
FNDA:0,(anonymous_12)
FNDA:0,(anonymous_13)
FNDA:0,(anonymous_14)
FNDA:0,(anonymous_15)
FNDA:0,(anonymous_16)
FNDA:0,(anonymous_17)
DA:39,0
DA:40,0
DA:49,0
DA:50,0
DA:51,0
DA:53,0
DA:54,0
DA:55,0
DA:59,0
DA:60,0
DA:62,0
DA:63,0
DA:66,0
DA:69,0
DA:70,0
DA:76,0
DA:80,0
DA:82,0
DA:83,0
DA:85,0
DA:86,0
DA:89,0
DA:90,0
DA:93,0
DA:94,0
DA:97,0
DA:98,0
DA:100,0
DA:103,0
DA:104,0
DA:106,0
DA:107,0
DA:108,0
DA:119,0
DA:120,0
DA:126,0
DA:128,0
DA:129,0
DA:132,0
DA:133,0
DA:136,0
DA:137,0
DA:141,0
DA:142,0
DA:143,0
DA:146,0
DA:147,0
DA:148,0
DA:150,0
DA:151,0
DA:152,0
DA:153,0
DA:154,0
DA:155,0
DA:157,0
DA:163,0
DA:164,0
DA:165,0
DA:167,0
DA:168,0
DA:169,0
DA:170,0
DA:174,0
DA:180,0
DA:185,0
DA:186,0
DA:194,0
DA:195,0
DA:198,0
DA:214,0
DA:232,0
DA:243,0
DA:253,0
DA:270,0
DA:282,0
DA:314,0
LF:76
LH:0
BRDA:34,0,0,0
BRDA:35,1,0,0
BRDA:36,2,0,0
BRDA:54,3,0,0
BRDA:54,3,1,0
BRDA:60,4,0,0
BRDA:60,4,1,0
BRDA:60,5,0,0
BRDA:60,5,1,0
BRDA:69,6,0,0
BRDA:69,6,1,0
BRDA:83,7,0,0
BRDA:83,7,1,0
BRDA:86,8,0,0
BRDA:86,8,1,0
BRDA:107,9,0,0
BRDA:107,9,1,0
BRDA:148,10,0,0
BRDA:148,10,1,0
BRDA:165,11,0,0
BRDA:165,11,1,0
BRDA:170,12,0,0
BRDA:170,12,1,0
BRDA:185,13,0,0
BRDA:185,13,1,0
BRDA:208,14,0,0
BRDA:208,14,1,0
BRDA:221,15,0,0
BRDA:221,15,1,0
BRDA:232,16,0,0
BRDA:232,16,1,0
BRDA:243,17,0,0
BRDA:243,17,1,0
BRDA:301,18,0,0
BRDA:301,18,1,0
BRDA:332,19,0,0
BRDA:332,19,1,0
BRDA:341,20,0,0
BRDA:341,20,1,0
BRDA:349,21,0,0
BRDA:349,21,1,0
BRF:41
BRH:0
end_of_record
TN:
SF:src\components\RecoveryInitiationForm.tsx
FN:58,RecoveryInitiationForm
FN:82,(anonymous_1)
FN:86,(anonymous_2)
FN:94,(anonymous_3)
FN:95,(anonymous_4)
FN:105,(anonymous_5)
FN:151,(anonymous_6)
FN:175,(anonymous_7)
FN:185,(anonymous_8)
FN:191,(anonymous_9)
FN:195,(anonymous_10)
FN:225,(anonymous_11)
FN:227,(anonymous_12)
FN:232,(anonymous_13)
FN:245,(anonymous_14)
FN:255,(anonymous_15)
FN:275,(anonymous_16)
FN:287,(anonymous_17)
FN:299,(anonymous_18)
FN:314,(anonymous_19)
FN:330,(anonymous_20)
FN:347,(anonymous_21)
FN:349,(anonymous_22)
FN:366,(anonymous_23)
FN:379,(anonymous_24)
FN:391,(anonymous_25)
FNF:26
FNH:0
FNDA:0,RecoveryInitiationForm
FNDA:0,(anonymous_1)
FNDA:0,(anonymous_2)
FNDA:0,(anonymous_3)
FNDA:0,(anonymous_4)
FNDA:0,(anonymous_5)
FNDA:0,(anonymous_6)
FNDA:0,(anonymous_7)
FNDA:0,(anonymous_8)
FNDA:0,(anonymous_9)
FNDA:0,(anonymous_10)
FNDA:0,(anonymous_11)
FNDA:0,(anonymous_12)
FNDA:0,(anonymous_13)
FNDA:0,(anonymous_14)
FNDA:0,(anonymous_15)
FNDA:0,(anonymous_16)
FNDA:0,(anonymous_17)
FNDA:0,(anonymous_18)
FNDA:0,(anonymous_19)
FNDA:0,(anonymous_20)
FNDA:0,(anonymous_21)
FNDA:0,(anonymous_22)
FNDA:0,(anonymous_23)
FNDA:0,(anonymous_24)
FNDA:0,(anonymous_25)
DA:63,0
DA:64,0
DA:65,0
DA:67,0
DA:79,0
DA:80,0
DA:82,0
DA:83,0
DA:86,0
DA:87,0
DA:89,0
DA:90,0
DA:93,0
DA:94,0
DA:95,0
DA:101,0
DA:105,0
DA:107,0
DA:151,0
DA:152,0
DA:154,0
DA:155,0
DA:156,0
DA:158,0
DA:159,0
DA:160,0
DA:161,0
DA:163,0
DA:164,0
DA:168,0
DA:169,0
DA:170,0
DA:172,0
DA:173,0
DA:175,0
DA:176,0
DA:177,0
DA:181,0
DA:182,0
DA:185,0
DA:186,0
DA:187,0
DA:191,0
DA:192,0
DA:195,0
DA:196,0
DA:197,0
DA:200,0
DA:201,0
DA:204,0
DA:206,0
DA:211,0
DA:214,0
DA:215,0
DA:221,0
DA:225,0
DA:227,0
DA:228,0
DA:232,0
DA:233,0
DA:235,0
DA:237,0
DA:239,0
DA:241,0
DA:245,0
DA:246,0
DA:248,0
DA:255,0
DA:275,0
DA:287,0
DA:299,0
DA:314,0
DA:323,0
DA:330,0
DA:347,0
DA:349,0
DA:366,0
DA:379,0
DA:392,0
DA:418,0
DA:422,0
LF:81
LH:0
BRDA:93,0,0,0
BRDA:93,0,1,0
BRDA:101,1,0,0
BRDA:101,1,1,0
BRDA:154,2,0,0
BRDA:154,2,1,0
BRDA:155,3,0,0
BRDA:155,3,1,0
BRDA:158,4,0,0
BRDA:158,4,1,0
BRDA:160,5,0,0
BRDA:160,5,1,0
BRDA:163,6,0,0
BRDA:163,6,1,0
BRDA:168,7,0,0
BRDA:168,7,1,0
BRDA:169,8,0,0
BRDA:169,8,1,0
BRDA:172,9,0,0
BRDA:172,9,1,0
BRDA:176,10,0,0
BRDA:176,10,1,0
BRDA:186,11,0,0
BRDA:186,11,1,0
BRDA:196,12,0,0
BRDA:196,12,1,0
BRDA:214,13,0,0
BRDA:214,13,1,0
BRDA:233,14,0,0
BRDA:233,14,1,0
BRDA:233,14,2,0
BRDA:233,14,3,0
BRDA:246,15,0,0
BRDA:246,15,1,0
BRDA:246,15,2,0
BRDA:266,16,0,0
BRDA:266,16,1,0
BRDA:277,17,0,0
BRDA:277,17,1,0
BRDA:279,18,0,0
BRDA:279,18,1,0
BRDA:289,19,0,0
BRDA:289,19,1,0
BRDA:291,20,0,0
BRDA:291,20,1,0
BRDA:332,21,0,0
BRDA:332,21,1,0
BRDA:334,22,0,0
BRDA:334,22,1,0
BRDA:349,23,0,0
BRDA:349,23,1,0
BRDA:350,24,0,0
BRDA:350,24,1,0
BRDA:352,25,0,0
BRDA:352,25,1,0
BRDA:366,26,0,0
BRDA:366,26,1,0
BRDA:432,27,0,0
BRDA:432,27,1,0
BRDA:461,28,0,0
BRDA:461,28,1,0
BRDA:468,29,0,0
BRDA:468,29,1,0
BRDA:473,30,0,0
BRDA:473,30,1,0
BRDA:479,31,0,0
BRDA:479,31,1,0
BRF:67
BRH:0
end_of_record
TN:
SF:src\components\RecoveryModal.tsx
FN:41,RecoveryModal
FN:57,(anonymous_1)
FN:84,(anonymous_2)
FN:90,(anonymous_3)
FN:94,(anonymous_4)
FN:134,(anonymous_5)
FN:148,(anonymous_6)
FN:150,(anonymous_7)
FN:154,(anonymous_8)
FN:169,(anonymous_9)
FN:179,(anonymous_10)
FN:199,(anonymous_11)
FN:211,(anonymous_12)
FN:223,(anonymous_13)
FN:257,(anonymous_14)
FN:272,(anonymous_15)
FNF:16
FNH:0
FNDA:0,RecoveryModal
FNDA:0,(anonymous_1)
FNDA:0,(anonymous_2)
FNDA:0,(anonymous_3)
FNDA:0,(anonymous_4)
FNDA:0,(anonymous_5)
FNDA:0,(anonymous_6)
FNDA:0,(anonymous_7)
FNDA:0,(anonymous_8)
FNDA:0,(anonymous_9)
FNDA:0,(anonymous_10)
FNDA:0,(anonymous_11)
FNDA:0,(anonymous_12)
FNDA:0,(anonymous_13)
FNDA:0,(anonymous_14)
FNDA:0,(anonymous_15)
DA:42,0
DA:43,0
DA:44,0
DA:46,0
DA:55,0
DA:57,0
DA:58,0
DA:60,0
DA:61,0
DA:62,0
DA:64,0
DA:65,0
DA:66,0
DA:67,0
DA:69,0
DA:70,0
DA:74,0
DA:75,0
DA:76,0
DA:80,0
DA:81,0
DA:84,0
DA:85,0
DA:86,0
DA:90,0
DA:91,0
DA:94,0
DA:95,0
DA:96,0
DA:99,0
DA:100,0
DA:103,0
DA:113,0
DA:115,0
DA:120,0
DA:121,0
DA:123,0
DA:124,0
DA:130,0
DA:134,0
DA:135,0
DA:136,0
DA:144,0
DA:145,0
DA:148,0
DA:150,0
DA:151,0
DA:154,0
DA:155,0
DA:157,0
DA:159,0
DA:161,0
DA:163,0
DA:165,0
DA:169,0
DA:170,0
DA:172,0
DA:179,0
DA:199,0
DA:211,0
DA:223,0
DA:250,0
DA:257,0
DA:272,0
DA:313,0
DA:317,0
LF:66
LH:0
BRDA:60,0,0,0
BRDA:60,0,1,0
BRDA:61,1,0,0
BRDA:61,1,1,0
BRDA:64,2,0,0
BRDA:64,2,1,0
BRDA:66,3,0,0
BRDA:66,3,1,0
BRDA:69,4,0,0
BRDA:69,4,1,0
BRDA:74,5,0,0
BRDA:74,5,1,0
BRDA:75,6,0,0
BRDA:75,6,1,0
BRDA:85,7,0,0
BRDA:85,7,1,0
BRDA:95,8,0,0
BRDA:95,8,1,0
BRDA:123,9,0,0
BRDA:123,9,1,0
BRDA:155,10,0,0
BRDA:155,10,1,0
BRDA:155,10,2,0
BRDA:155,10,3,0
BRDA:155,10,4,0
BRDA:170,11,0,0
BRDA:170,11,1,0
BRDA:170,11,2,0
BRDA:190,12,0,0
BRDA:190,12,1,0
BRDA:201,13,0,0
BRDA:201,13,1,0
BRDA:203,14,0,0
BRDA:203,14,1,0
BRDA:213,15,0,0
BRDA:213,15,1,0
BRDA:215,16,0,0
BRDA:215,16,1,0
BRDA:259,17,0,0
BRDA:259,17,1,0
BRDA:261,18,0,0
BRDA:261,18,1,0
BRDA:326,19,0,0
BRDA:326,19,1,0
BRDA:351,20,0,0
BRDA:351,20,1,0
BRDA:361,21,0,0
BRDA:361,21,1,0
BRDA:367,22,0,0
BRDA:367,22,1,0
BRF:50
BRH:0
end_of_record
TN:
SF:src\components\RecoveryProcess.tsx
FN:37,RecoveryProcess
FN:93,(anonymous_1)
FN:99,(anonymous_2)
FN:138,(anonymous_3)
FN:144,(anonymous_4)
FN:183,(anonymous_5)
FN:223,(anonymous_6)
FN:229,(anonymous_7)
FN:265,(anonymous_8)
FN:269,(anonymous_9)
FN:273,(anonymous_10)
FN:325,(anonymous_11)
FN:355,(anonymous_12)
FN:365,(anonymous_13)
FN:374,(anonymous_14)
FN:401,(anonymous_15)
FN:405,(anonymous_16)
FN:418,(anonymous_17)
FN:428,(anonymous_18)
FN:482,(anonymous_19)
FNF:20
FNH:0
FNDA:0,RecoveryProcess
FNDA:0,(anonymous_1)
FNDA:0,(anonymous_2)
FNDA:0,(anonymous_3)
FNDA:0,(anonymous_4)
FNDA:0,(anonymous_5)
FNDA:0,(anonymous_6)
FNDA:0,(anonymous_7)
FNDA:0,(anonymous_8)
FNDA:0,(anonymous_9)
FNDA:0,(anonymous_10)
FNDA:0,(anonymous_11)
FNDA:0,(anonymous_12)
FNDA:0,(anonymous_13)
FNDA:0,(anonymous_14)
FNDA:0,(anonymous_15)
FNDA:0,(anonymous_16)
FNDA:0,(anonymous_17)
FNDA:0,(anonymous_18)
FNDA:0,(anonymous_19)
DA:38,0
DA:39,0
DA:40,0
DA:41,0
DA:42,0
DA:43,0
DA:44,0
DA:45,0
DA:48,0
DA:55,0
DA:62,0
DA:93,0
DA:94,0
DA:95,0
DA:99,0
DA:100,0
DA:102,0
DA:103,0
DA:106,0
DA:107,0
DA:110,0
DA:111,0
DA:112,0
DA:113,0
DA:116,0
DA:117,0
DA:120,0
DA:121,0
DA:123,0
DA:127,0
DA:128,0
DA:134,0
DA:138,0
DA:141,0
DA:144,0
DA:145,0
DA:147,0
DA:149,0
DA:150,0
DA:155,0
DA:159,0
DA:166,0
DA:167,0
DA:169,0
DA:174,0
DA:175,0
DA:183,0
DA:184,0
DA:186,0
DA:188,0
DA:189,0
DA:194,0
DA:198,0
DA:207,0
DA:209,0
DA:214,0
DA:215,0
DA:223,0
DA:224,0
DA:226,0
DA:228,0
DA:230,0
DA:234,0
DA:243,0
DA:248,0
DA:249,0
DA:251,0
DA:256,0
DA:257,0
DA:265,0
DA:266,0
DA:269,0
DA:270,0
DA:273,0
DA:274,0
DA:277,0
DA:278,0
DA:286,0
DA:287,0
DA:295,0
DA:326,0
DA:355,0
DA:365,0
DA:374,0
DA:401,0
DA:406,0
DA:418,0
DA:428,0
DA:482,0
LF:89
LH:0
BRDA:94,0,0,0
BRDA:94,0,1,0
BRDA:94,1,0,0
BRDA:94,1,1,0
BRDA:100,2,0,0
BRDA:100,2,1,0
BRDA:100,3,0,0
BRDA:100,3,1,0
BRDA:111,4,0,0
BRDA:111,4,1,0
BRDA:120,5,0,0
BRDA:120,5,1,0
BRDA:127,6,0,0
BRDA:127,6,1,0
BRDA:145,7,0,0
BRDA:145,7,1,0
BRDA:145,8,0,0
BRDA:145,8,1,0
BRDA:149,9,0,0
BRDA:149,9,1,0
BRDA:149,10,0,0
BRDA:149,10,1,0
BRDA:174,11,0,0
BRDA:174,11,1,0
BRDA:184,12,0,0
BRDA:184,12,1,0
BRDA:184,13,0,0
BRDA:184,13,1,0
BRDA:188,14,0,0
BRDA:188,14,1,0
BRDA:188,15,0,0
BRDA:188,15,1,0
BRDA:214,16,0,0
BRDA:214,16,1,0
BRDA:224,17,0,0
BRDA:224,17,1,0
BRDA:224,18,0,0
BRDA:224,18,1,0
BRDA:235,19,0,0
BRDA:235,19,1,0
BRDA:236,20,0,0
BRDA:236,20,1,0
BRDA:256,21,0,0
BRDA:256,21,1,0
BRDA:270,22,0,0
BRDA:270,22,1,0
BRDA:277,23,0,0
BRDA:277,23,1,0
BRDA:277,24,0,0
BRDA:277,24,1,0
BRDA:286,25,0,0
BRDA:286,25,1,0
BRDA:326,26,0,0
BRDA:326,26,1,0
BRDA:330,27,0,0
BRDA:330,27,1,0
BRDA:331,28,0,0
BRDA:331,28,1,0
BRDA:334,29,0,0
BRDA:334,29,1,0
BRDA:346,30,0,0
BRDA:346,30,1,0
BRDA:348,31,0,0
BRDA:348,31,1,0
BRDA:386,32,0,0
BRDA:386,32,1,0
BRDA:386,32,2,0
BRDA:441,33,0,0
BRDA:441,33,1,0
BRDA:462,34,0,0
BRDA:462,34,1,0
BRDA:484,35,0,0
BRDA:484,35,1,0
BRDA:487,36,0,0
BRDA:487,36,1,0
BRF:75
BRH:0
end_of_record
TN:
SF:src\components\SecureContent.tsx
FN:14,(anonymous_1)
FN:22,(anonymous_2)
FN:57,(anonymous_3)
FN:64,(anonymous_4)
FN:77,(anonymous_5)
FN:103,(anonymous_6)
FN:110,(anonymous_7)
FN:123,(anonymous_8)
FN:149,(anonymous_9)
FN:154,(anonymous_10)
FNF:10
FNH:7
FNDA:11,(anonymous_1)
FNDA:11,(anonymous_2)
FNDA:5,(anonymous_3)
FNDA:2,(anonymous_4)
FNDA:0,(anonymous_5)
FNDA:3,(anonymous_6)
FNDA:0,(anonymous_7)
FNDA:0,(anonymous_8)
FNDA:5,(anonymous_9)
FNDA:4,(anonymous_10)
DA:2,1
DA:3,1
DA:14,1
DA:22,11
DA:23,11
DA:24,2
DA:29,9
DA:32,11
DA:33,2
DA:43,9
DA:57,1
DA:64,5
DA:65,2
DA:66,2
DA:68,2
DA:69,1
DA:72,2
DA:73,1
DA:77,5
DA:78,0
DA:79,0
DA:80,0
DA:83,0
DA:84,0
DA:88,5
DA:103,1
DA:110,3
DA:111,0
DA:112,0
DA:114,0
DA:115,0
DA:118,0
DA:119,0
DA:123,3
DA:124,0
DA:125,0
DA:126,0
DA:129,0
DA:130,0
DA:134,3
DA:149,1
DA:154,5
DA:155,4
DA:157,4
DA:158,4
DA:161,4
DA:162,4
DA:163,6
DA:164,5
DA:166,1
DA:170,4
DA:174,5
LF:52
LH:36
BRDA:16,0,0,9
BRDA:17,1,0,9
BRDA:18,2,0,11
BRDA:23,3,0,2
BRDA:23,3,1,9
BRDA:32,4,0,2
BRDA:32,4,1,9
BRDA:59,5,0,4
BRDA:68,6,0,1
BRDA:68,6,1,1
BRDA:72,7,0,1
BRDA:72,7,1,1
BRDA:78,8,0,0
BRDA:78,8,1,0
BRDA:83,9,0,0
BRDA:83,9,1,0
BRDA:105,10,0,3
BRDA:114,11,0,0
BRDA:114,11,1,0
BRDA:118,12,0,0
BRDA:118,12,1,0
BRDA:124,13,0,0
BRDA:124,13,1,0
BRDA:129,14,0,0
BRDA:129,14,1,0
BRDA:157,15,0,4
BRDA:157,15,1,0
BRDA:163,16,0,5
BRDA:163,16,1,1
BRF:29
BRH:16
end_of_record
TN:
SF:src\components\SecurityAuditReport.tsx
FN:71,SecurityAuditReport
FN:106,(anonymous_1)
FN:110,(anonymous_2)
FN:129,(anonymous_3)
FN:195,(anonymous_4)
FN:209,(anonymous_5)
FN:224,(anonymous_6)
FN:249,(anonymous_7)
FN:253,(anonymous_8)
FN:258,(anonymous_9)
FN:293,(anonymous_10)
FN:296,(anonymous_11)
FN:317,(anonymous_12)
FN:319,(anonymous_13)
FN:323,(anonymous_14)
FN:435,(anonymous_15)
FN:458,(anonymous_16)
FN:474,(anonymous_17)
FN:493,(anonymous_18)
FN:519,(anonymous_19)
FN:558,(anonymous_20)
FN:565,(anonymous_21)
FN:584,(anonymous_22)
FN:599,(anonymous_23)
FN:610,(anonymous_24)
FNF:25
FNH:0
FNDA:0,SecurityAuditReport
FNDA:0,(anonymous_1)
FNDA:0,(anonymous_2)
FNDA:0,(anonymous_3)
FNDA:0,(anonymous_4)
FNDA:0,(anonymous_5)
FNDA:0,(anonymous_6)
FNDA:0,(anonymous_7)
FNDA:0,(anonymous_8)
FNDA:0,(anonymous_9)
FNDA:0,(anonymous_10)
FNDA:0,(anonymous_11)
FNDA:0,(anonymous_12)
FNDA:0,(anonymous_13)
FNDA:0,(anonymous_14)
FNDA:0,(anonymous_15)
FNDA:0,(anonymous_16)
FNDA:0,(anonymous_17)
FNDA:0,(anonymous_18)
FNDA:0,(anonymous_19)
FNDA:0,(anonymous_20)
FNDA:0,(anonymous_21)
FNDA:0,(anonymous_22)
FNDA:0,(anonymous_23)
FNDA:0,(anonymous_24)
DA:74,0
DA:75,0
DA:76,0
DA:77,0
DA:78,0
DA:79,0
DA:80,0
DA:82,0
DA:83,0
DA:94,0
DA:106,0
DA:107,0
DA:110,0
DA:111,0
DA:112,0
DA:115,0
DA:120,0
DA:121,0
DA:123,0
DA:125,0
DA:129,0
DA:131,0
DA:195,0
DA:197,0
DA:209,0
DA:210,0
DA:212,0
DA:214,0
DA:216,0
DA:218,0
DA:220,0
DA:224,0
DA:225,0
DA:227,0
DA:230,0
DA:233,0
DA:235,0
DA:238,0
DA:241,0
DA:243,0
DA:245,0
DA:249,0
DA:250,0
DA:253,0
DA:254,0
DA:255,0
DA:258,0
DA:267,0
DA:268,0
DA:269,0
DA:270,0
DA:271,0
DA:272,0
DA:273,0
DA:274,0
DA:275,0
DA:277,0
DA:282,0
DA:283,0
DA:289,0
DA:293,0
DA:294,0
DA:296,0
DA:297,0
DA:299,0
DA:301,0
DA:308,0
DA:309,0
DA:317,0
DA:319,0
DA:320,0
DA:323,0
DA:324,0
DA:325,0
DA:326,0
DA:327,0
DA:328,0
DA:329,0
DA:330,0
DA:333,0
DA:334,0
DA:336,0
DA:435,0
DA:458,0
DA:474,0
DA:493,0
DA:520,0
DA:558,0
DA:565,0
DA:584,0
DA:599,0
DA:610,0
LF:92
LH:0
BRDA:123,0,0,0
BRDA:123,0,1,0
BRDA:139,1,0,0
BRDA:139,1,1,0
BRDA:154,2,0,0
BRDA:154,2,1,0
BRDA:169,3,0,0
BRDA:169,3,1,0
BRDA:184,4,0,0
BRDA:184,4,1,0
BRDA:210,5,0,0
BRDA:210,5,1,0
BRDA:210,5,2,0
BRDA:210,5,3,0
BRDA:210,5,4,0
BRDA:225,6,0,0
BRDA:225,6,1,0
BRDA:225,6,2,0
BRDA:225,6,3,0
BRDA:225,6,4,0
BRDA:225,6,5,0
BRDA:225,6,6,0
BRDA:225,6,7,0
BRDA:225,6,8,0
BRDA:225,6,9,0
BRDA:225,6,10,0
BRDA:225,6,11,0
BRDA:271,7,0,0
BRDA:271,7,1,0
BRDA:282,8,0,0
BRDA:282,8,1,0
BRDA:297,9,0,0
BRDA:297,9,1,0
BRDA:302,10,0,0
BRDA:302,10,1,0
BRDA:303,11,0,0
BRDA:303,11,1,0
BRDA:304,12,0,0
BRDA:304,12,1,0
BRDA:308,13,0,0
BRDA:308,13,1,0
BRDA:324,14,0,0
BRDA:324,14,1,0
BRDA:324,15,0,0
BRDA:324,15,1,0
BRDA:325,16,0,0
BRDA:325,16,1,0
BRDA:325,17,0,0
BRDA:325,17,1,0
BRDA:326,18,0,0
BRDA:326,18,1,0
BRDA:326,19,0,0
BRDA:326,19,1,0
BRDA:327,20,0,0
BRDA:327,20,1,0
BRDA:327,21,0,0
BRDA:327,21,1,0
BRDA:328,22,0,0
BRDA:328,22,1,0
BRDA:328,23,0,0
BRDA:328,23,1,0
BRDA:329,24,0,0
BRDA:329,24,1,0
BRDA:329,25,0,0
BRDA:329,25,1,0
BRDA:354,26,0,0
BRDA:354,26,1,0
BRDA:473,27,0,0
BRDA:473,27,1,0
BRDA:476,28,0,0
BRDA:476,28,1,0
BRDA:512,29,0,0
BRDA:512,29,1,0
BRDA:530,30,0,0
BRDA:530,30,1,0
BRDA:548,31,0,0
BRDA:548,31,1,0
BRDA:548,31,2,0
BRDA:577,32,0,0
BRDA:577,32,1,0
BRF:80
BRH:0
end_of_record
TN:
SF:src\components\SecuritySection.tsx
FN:15,(anonymous_0)
FN:99,(anonymous_1)
FN:120,(anonymous_2)
FN:155,(anonymous_3)
FNF:4
FNH:0
FNDA:0,(anonymous_0)
FNDA:0,(anonymous_1)
FNDA:0,(anonymous_2)
FNDA:0,(anonymous_3)
DA:15,0
DA:16,0
DA:43,0
DA:70,0
DA:78,0
DA:100,0
DA:121,0
DA:156,0
LF:8
LH:0
BRDA:164,0,0,0
BRDA:164,0,1,0
BRDA:165,1,0,0
BRDA:165,1,1,0
BRF:4
BRH:0
end_of_record
TN:
SF:src\components\SecuritySettings.tsx
FN:71,SecuritySettings
FN:101,(anonymous_1)
FN:105,(anonymous_2)
FN:132,(anonymous_3)
FN:153,(anonymous_4)
FN:177,(anonymous_5)
FN:213,(anonymous_6)
FN:244,(anonymous_7)
FN:268,(anonymous_8)
FN:291,(anonymous_9)
FN:294,(anonymous_10)
FN:295,(anonymous_11)
FN:316,(anonymous_12)
FN:318,(anonymous_13)
FN:319,(anonymous_14)
FN:340,(anonymous_15)
FN:342,(anonymous_16)
FN:342,(anonymous_17)
FN:358,(anonymous_18)
FN:368,(anonymous_19)
FN:375,(anonymous_20)
FN:390,(anonymous_21)
FN:478,(anonymous_22)
FN:486,(anonymous_23)
FN:499,(anonymous_24)
FN:507,(anonymous_25)
FN:527,(anonymous_26)
FN:535,(anonymous_27)
FN:543,(anonymous_28)
FN:568,(anonymous_29)
FN:591,(anonymous_30)
FN:627,(anonymous_31)
FN:650,(anonymous_32)
FN:658,(anonymous_33)
FN:681,(anonymous_34)
FN:737,(anonymous_35)
FN:740,(anonymous_36)
FNF:37
FNH:0
FNDA:0,SecuritySettings
FNDA:0,(anonymous_1)
FNDA:0,(anonymous_2)
FNDA:0,(anonymous_3)
FNDA:0,(anonymous_4)
FNDA:0,(anonymous_5)
FNDA:0,(anonymous_6)
FNDA:0,(anonymous_7)
FNDA:0,(anonymous_8)
FNDA:0,(anonymous_9)
FNDA:0,(anonymous_10)
FNDA:0,(anonymous_11)
FNDA:0,(anonymous_12)
FNDA:0,(anonymous_13)
FNDA:0,(anonymous_14)
FNDA:0,(anonymous_15)
FNDA:0,(anonymous_16)
FNDA:0,(anonymous_17)
FNDA:0,(anonymous_18)
FNDA:0,(anonymous_19)
FNDA:0,(anonymous_20)
FNDA:0,(anonymous_21)
FNDA:0,(anonymous_22)
FNDA:0,(anonymous_23)
FNDA:0,(anonymous_24)
FNDA:0,(anonymous_25)
FNDA:0,(anonymous_26)
FNDA:0,(anonymous_27)
FNDA:0,(anonymous_28)
FNDA:0,(anonymous_29)
FNDA:0,(anonymous_30)
FNDA:0,(anonymous_31)
FNDA:0,(anonymous_32)
FNDA:0,(anonymous_33)
FNDA:0,(anonymous_34)
FNDA:0,(anonymous_35)
FNDA:0,(anonymous_36)
DA:72,0
DA:73,0
DA:74,0
DA:75,0
DA:78,0
DA:85,0
DA:94,0
DA:95,0
DA:96,0
DA:97,0
DA:98,0
DA:99,0
DA:101,0
DA:102,0
DA:105,0
DA:106,0
DA:107,0
DA:110,0
DA:111,0
DA:114,0
DA:115,0
DA:118,0
DA:119,0
DA:121,0
DA:122,0
DA:128,0
DA:132,0
DA:134,0
DA:153,0
DA:155,0
DA:177,0
DA:179,0
DA:213,0
DA:214,0
DA:216,0
DA:217,0
DA:222,0
DA:225,0
DA:226,0
DA:231,0
DA:234,0
DA:235,0
DA:240,0
DA:244,0
DA:247,0
DA:252,0
DA:254,0
DA:259,0
DA:260,0
DA:268,0
DA:269,0
DA:271,0
DA:272,0
DA:274,0
DA:280,0
DA:282,0
DA:283,0
DA:291,0
DA:292,0
DA:294,0
DA:295,0
DA:296,0
DA:302,0
DA:307,0
DA:308,0
DA:316,0
DA:317,0
DA:318,0
DA:319,0
DA:320,0
DA:326,0
DA:331,0
DA:332,0
DA:340,0
DA:341,0
DA:342,0
DA:344,0
DA:349,0
DA:350,0
DA:358,0
DA:360,0
DA:361,0
DA:362,0
DA:363,0
DA:365,0
DA:368,0
DA:370,0
DA:371,0
DA:372,0
DA:375,0
DA:376,0
DA:378,0
DA:380,0
DA:382,0
DA:384,0
DA:386,0
DA:390,0
DA:391,0
DA:394,0
DA:396,0
DA:398,0
DA:400,0
DA:404,0
DA:405,0
DA:413,0
DA:414,0
DA:422,0
DA:478,0
DA:486,0
DA:499,0
DA:507,0
DA:527,0
DA:535,0
DA:543,0
DA:569,0
DA:591,0
DA:628,0
DA:650,0
DA:658,0
DA:682,0
DA:737,0
DA:740,0
LF:122
LH:0
BRDA:121,0,0,0
BRDA:121,0,1,0
BRDA:216,1,0,0
BRDA:216,1,1,0
BRDA:216,2,0,0
BRDA:216,2,1,0
BRDA:216,2,2,0
BRDA:225,3,0,0
BRDA:225,3,1,0
BRDA:234,4,0,0
BRDA:234,4,1,0
BRDA:259,5,0,0
BRDA:259,5,1,0
BRDA:282,6,0,0
BRDA:282,6,1,0
BRDA:296,7,0,0
BRDA:296,7,1,0
BRDA:307,8,0,0
BRDA:307,8,1,0
BRDA:320,9,0,0
BRDA:320,9,1,0
BRDA:331,10,0,0
BRDA:331,10,1,0
BRDA:349,11,0,0
BRDA:349,11,1,0
BRDA:376,12,0,0
BRDA:376,12,1,0
BRDA:376,12,2,0
BRDA:376,12,3,0
BRDA:376,12,4,0
BRDA:391,13,0,0
BRDA:391,13,1,0
BRDA:391,13,2,0
BRDA:391,13,3,0
BRDA:391,13,4,0
BRDA:404,14,0,0
BRDA:404,14,1,0
BRDA:404,15,0,0
BRDA:404,15,1,0
BRDA:413,16,0,0
BRDA:413,16,1,0
BRDA:476,17,0,0
BRDA:476,17,1,0
BRDA:488,18,0,0
BRDA:488,18,1,0
BRDA:497,19,0,0
BRDA:497,19,1,0
BRDA:509,20,0,0
BRDA:509,20,1,0
BRDA:515,21,0,0
BRDA:515,21,1,0
BRDA:516,22,0,0
BRDA:516,22,1,0
BRDA:525,23,0,0
BRDA:525,23,1,0
BRDA:537,24,0,0
BRDA:537,24,1,0
BRDA:571,25,0,0
BRDA:571,25,1,0
BRDA:572,26,0,0
BRDA:572,26,1,0
BRDA:573,27,0,0
BRDA:573,27,1,0
BRDA:574,28,0,0
BRDA:574,28,1,0
BRDA:578,29,0,0
BRDA:578,29,1,0
BRDA:579,30,0,0
BRDA:579,30,1,0
BRDA:584,31,0,0
BRDA:584,31,1,0
BRDA:585,32,0,0
BRDA:585,32,1,0
BRDA:587,33,0,0
BRDA:587,33,1,0
BRDA:631,34,0,0
BRDA:631,34,1,0
BRDA:632,35,0,0
BRDA:632,35,1,0
BRDA:633,36,0,0
BRDA:633,36,1,0
BRDA:643,37,0,0
BRDA:643,37,1,0
BRDA:644,38,0,0
BRDA:644,38,1,0
BRDA:646,39,0,0
BRDA:646,39,1,0
BRF:87
BRH:0
end_of_record
TN:
SF:src\components\SettingsPanel.tsx
FN:59,SettingsPanel
FN:87,(anonymous_1)
FN:91,(anonymous_2)
FN:98,(anonymous_3)
FN:145,(anonymous_4)
FN:186,(anonymous_5)
FN:193,(anonymous_6)
FN:194,(anonymous_7)
FN:263,(anonymous_8)
FN:273,(anonymous_9)
FN:282,(anonymous_10)
FN:297,(anonymous_11)
FN:332,(anonymous_12)
FN:343,(anonymous_13)
FN:354,(anonymous_14)
FN:365,(anonymous_15)
FN:376,(anonymous_16)
FN:401,(anonymous_17)
FN:416,(anonymous_18)
FN:431,(anonymous_19)
FN:442,(anonymous_20)
FN:462,(anonymous_21)
FN:490,(anonymous_22)
FN:507,(anonymous_23)
FN:519,(anonymous_24)
FNF:25
FNH:0
FNDA:0,SettingsPanel
FNDA:0,(anonymous_1)
FNDA:0,(anonymous_2)
FNDA:0,(anonymous_3)
FNDA:0,(anonymous_4)
FNDA:0,(anonymous_5)
FNDA:0,(anonymous_6)
FNDA:0,(anonymous_7)
FNDA:0,(anonymous_8)
FNDA:0,(anonymous_9)
FNDA:0,(anonymous_10)
FNDA:0,(anonymous_11)
FNDA:0,(anonymous_12)
FNDA:0,(anonymous_13)
FNDA:0,(anonymous_14)
FNDA:0,(anonymous_15)
FNDA:0,(anonymous_16)
FNDA:0,(anonymous_17)
FNDA:0,(anonymous_18)
FNDA:0,(anonymous_19)
FNDA:0,(anonymous_20)
FNDA:0,(anonymous_21)
FNDA:0,(anonymous_22)
FNDA:0,(anonymous_23)
FNDA:0,(anonymous_24)
DA:60,0
DA:61,0
DA:82,0
DA:83,0
DA:84,0
DA:85,0
DA:87,0
DA:88,0
DA:91,0
DA:93,0
DA:94,0
DA:98,0
DA:99,0
DA:100,0
DA:103,0
DA:104,0
DA:105,0
DA:106,0
DA:107,0
DA:110,0
DA:130,0
DA:131,0
DA:134,0
DA:135,0
DA:141,0
DA:145,0
DA:146,0
DA:147,0
DA:150,0
DA:153,0
DA:154,0
DA:155,0
DA:156,0
DA:159,0
DA:160,0
DA:161,0
DA:163,0
DA:167,0
DA:168,0
DA:170,0
DA:175,0
DA:176,0
DA:182,0
DA:186,0
DA:187,0
DA:188,0
DA:189,0
DA:193,0
DA:194,0
DA:197,0
DA:198,0
DA:206,0
DA:207,0
DA:215,0
DA:263,0
DA:273,0
DA:282,0
DA:297,0
DA:332,0
DA:343,0
DA:354,0
DA:365,0
DA:376,0
DA:401,0
DA:416,0
DA:431,0
DA:442,0
DA:462,0
DA:490,0
DA:507,0
DA:519,0
LF:71
LH:0
BRDA:93,0,0,0
BRDA:93,0,1,0
BRDA:104,1,0,0
BRDA:104,1,1,0
BRDA:134,2,0,0
BRDA:134,2,1,0
BRDA:153,3,0,0
BRDA:153,3,1,0
BRDA:155,4,0,0
BRDA:155,4,1,0
BRDA:160,5,0,0
BRDA:160,5,1,0
BRDA:175,6,0,0
BRDA:175,6,1,0
BRDA:187,7,0,0
BRDA:187,7,1,0
BRDA:197,8,0,0
BRDA:197,8,1,0
BRDA:197,9,0,0
BRDA:197,9,1,0
BRDA:206,10,0,0
BRDA:206,10,1,0
BRDA:229,11,0,0
BRDA:229,11,1,0
BRDA:234,12,0,0
BRDA:234,12,1,0
BRDA:235,13,0,0
BRDA:235,13,1,0
BRDA:530,14,0,0
BRDA:530,14,1,0
BRF:30
BRH:0
end_of_record
TN:
SF:src\components\TransactionChart.tsx
FN:31,TransactionChart
FN:42,(anonymous_1)
FN:46,(anonymous_2)
FN:65,(anonymous_3)
FN:113,(anonymous_4)
FN:114,(anonymous_5)
FN:125,(anonymous_6)
FN:136,(anonymous_7)
FN:148,(anonymous_8)
FN:149,(anonymous_9)
FN:160,(anonymous_10)
FN:179,(anonymous_11)
FN:182,(anonymous_12)
FN:194,(anonymous_13)
FN:342,(anonymous_14)
FN:347,(anonymous_15)
FN:360,(anonymous_16)
FN:365,(anonymous_17)
FN:384,(anonymous_18)
FNF:19
FNH:0
FNDA:0,TransactionChart
FNDA:0,(anonymous_1)
FNDA:0,(anonymous_2)
FNDA:0,(anonymous_3)
FNDA:0,(anonymous_4)
FNDA:0,(anonymous_5)
FNDA:0,(anonymous_6)
FNDA:0,(anonymous_7)
FNDA:0,(anonymous_8)
FNDA:0,(anonymous_9)
FNDA:0,(anonymous_10)
FNDA:0,(anonymous_11)
FNDA:0,(anonymous_12)
FNDA:0,(anonymous_13)
FNDA:0,(anonymous_14)
FNDA:0,(anonymous_15)
FNDA:0,(anonymous_16)
FNDA:0,(anonymous_17)
FNDA:0,(anonymous_18)
DA:36,0
DA:37,0
DA:38,0
DA:39,0
DA:40,0
DA:42,0
DA:43,0
DA:46,0
DA:47,0
DA:48,0
DA:51,0
DA:52,0
DA:54,0
DA:55,0
DA:61,0
DA:65,0
DA:67,0
DA:68,0
DA:70,0
DA:71,0
DA:73,0
DA:74,0
DA:76,0
DA:77,0
DA:79,0
DA:80,0
DA:82,0
DA:83,0
DA:85,0
DA:86,0
DA:88,0
DA:89,0
DA:92,0
DA:93,0
DA:94,0
DA:95,0
DA:96,0
DA:97,0
DA:98,0
DA:100,0
DA:110,0
DA:113,0
DA:114,0
DA:122,0
DA:125,0
DA:126,0
DA:128,0
DA:129,0
DA:136,0
DA:137,0
DA:138,0
DA:139,0
DA:140,0
DA:141,0
DA:142,0
DA:143,0
DA:144,0
DA:148,0
DA:149,0
DA:158,0
DA:160,0
DA:163,0
DA:164,0
DA:165,0
DA:166,0
DA:167,0
DA:168,0
DA:169,0
DA:170,0
DA:171,0
DA:173,0
DA:179,0
DA:180,0
DA:182,0
DA:183,0
DA:184,0
DA:185,0
DA:186,0
DA:187,0
DA:191,0
DA:195,0
DA:196,0
DA:197,0
DA:198,0
DA:199,0
DA:202,0
DA:203,0
DA:205,0
DA:226,0
DA:227,0
DA:245,0
DA:246,0
DA:263,0
DA:264,0
DA:266,0
DA:343,0
DA:347,0
DA:361,0
DA:365,0
DA:385,0
LF:100
LH:0
BRDA:33,0,0,0
BRDA:34,1,0,0
BRDA:54,2,0,0
BRDA:54,2,1,0
BRDA:71,3,0,0
BRDA:71,3,1,0
BRDA:71,3,2,0
BRDA:71,3,3,0
BRDA:71,3,4,0
BRDA:71,3,5,0
BRDA:126,4,0,0
BRDA:126,4,1,0
BRDA:137,5,0,0
BRDA:137,5,1,0
BRDA:137,5,2,0
BRDA:137,5,3,0
BRDA:137,5,4,0
BRDA:137,5,5,0
BRDA:137,5,6,0
BRDA:180,6,0,0
BRDA:180,6,1,0
BRDA:183,7,0,0
BRDA:183,7,1,0
BRDA:183,7,2,0
BRDA:183,7,3,0
BRDA:196,8,0,0
BRDA:196,8,1,0
BRDA:196,8,2,0
BRDA:213,9,0,0
BRDA:213,9,1,0
BRDA:226,10,0,0
BRDA:226,10,1,0
BRDA:226,11,0,0
BRDA:226,11,1,0
BRDA:245,12,0,0
BRDA:245,12,1,0
BRDA:345,13,0,0
BRDA:345,13,1,0
BRDA:363,14,0,0
BRDA:363,14,1,0
BRF:40
BRH:0
end_of_record
TN:
SF:src\components\TransactionForm.tsx
FN:52,TransactionForm
FN:88,(anonymous_1)
FN:92,(anonymous_2)
FN:98,(anonymous_3)
FN:116,(anonymous_4)
FN:125,(anonymous_5)
FN:135,(anonymous_6)
FN:143,(anonymous_7)
FN:146,(anonymous_8)
FN:150,(anonymous_9)
FN:191,(anonymous_10)
FN:197,(anonymous_11)
FN:201,(anonymous_12)
FN:231,(anonymous_13)
FN:233,(anonymous_14)
FN:237,(anonymous_15)
FN:245,(anonymous_16)
FN:251,(anonymous_17)
FN:255,(anonymous_18)
FN:288,(anonymous_19)
FN:319,(anonymous_20)
FN:331,(anonymous_21)
FN:349,(anonymous_22)
FN:366,(anonymous_23)
FN:379,(anonymous_24)
FN:391,(anonymous_25)
FN:402,(anonymous_26)
FN:446,(anonymous_27)
FN:455,(anonymous_28)
FNF:29
FNH:0
FNDA:0,TransactionForm
FNDA:0,(anonymous_1)
FNDA:0,(anonymous_2)
FNDA:0,(anonymous_3)
FNDA:0,(anonymous_4)
FNDA:0,(anonymous_5)
FNDA:0,(anonymous_6)
FNDA:0,(anonymous_7)
FNDA:0,(anonymous_8)
FNDA:0,(anonymous_9)
FNDA:0,(anonymous_10)
FNDA:0,(anonymous_11)
FNDA:0,(anonymous_12)
FNDA:0,(anonymous_13)
FNDA:0,(anonymous_14)
FNDA:0,(anonymous_15)
FNDA:0,(anonymous_16)
FNDA:0,(anonymous_17)
FNDA:0,(anonymous_18)
FNDA:0,(anonymous_19)
FNDA:0,(anonymous_20)
FNDA:0,(anonymous_21)
FNDA:0,(anonymous_22)
FNDA:0,(anonymous_23)
FNDA:0,(anonymous_24)
FNDA:0,(anonymous_25)
FNDA:0,(anonymous_26)
FNDA:0,(anonymous_27)
FNDA:0,(anonymous_28)
DA:57,0
DA:58,0
DA:59,0
DA:60,0
DA:62,0
DA:74,0
DA:75,0
DA:80,0
DA:86,0
DA:88,0
DA:89,0
DA:92,0
DA:93,0
DA:94,0
DA:98,0
DA:99,0
DA:101,0
DA:106,0
DA:107,0
DA:110,0
DA:112,0
DA:116,0
DA:118,0
DA:125,0
DA:127,0
DA:135,0
DA:137,0
DA:140,0
DA:143,0
DA:144,0
DA:145,0
DA:146,0
DA:150,0
DA:151,0
DA:153,0
DA:154,0
DA:155,0
DA:156,0
DA:157,0
DA:160,0
DA:161,0
DA:163,0
DA:164,0
DA:165,0
DA:166,0
DA:167,0
DA:171,0
DA:172,0
DA:174,0
DA:175,0
DA:176,0
DA:181,0
DA:182,0
DA:183,0
DA:187,0
DA:188,0
DA:191,0
DA:192,0
DA:193,0
DA:197,0
DA:198,0
DA:201,0
DA:202,0
DA:203,0
DA:206,0
DA:207,0
DA:210,0
DA:212,0
DA:217,0
DA:220,0
DA:221,0
DA:227,0
DA:231,0
DA:233,0
DA:234,0
DA:237,0
DA:238,0
DA:239,0
DA:245,0
DA:246,0
DA:247,0
DA:248,0
DA:251,0
DA:252,0
DA:255,0
DA:256,0
DA:258,0
DA:288,0
DA:319,0
DA:332,0
DA:333,0
DA:349,0
DA:366,0
DA:379,0
DA:391,0
DA:402,0
DA:437,0
DA:446,0
DA:455,0
DA:502,0
DA:506,0
LF:101
LH:0
BRDA:93,0,0,0
BRDA:93,0,1,0
BRDA:112,1,0,0
BRDA:112,1,1,0
BRDA:137,2,0,0
BRDA:137,2,1,0
BRDA:137,2,2,0
BRDA:144,3,0,0
BRDA:144,3,1,0
BRDA:153,4,0,0
BRDA:153,4,1,0
BRDA:154,5,0,0
BRDA:154,5,1,0
BRDA:156,6,0,0
BRDA:156,6,1,0
BRDA:160,7,0,0
BRDA:160,7,1,0
BRDA:164,8,0,0
BRDA:164,8,1,0
BRDA:164,9,0,0
BRDA:164,9,1,0
BRDA:166,10,0,0
BRDA:166,10,1,0
BRDA:171,11,0,0
BRDA:171,11,1,0
BRDA:175,12,0,0
BRDA:175,12,1,0
BRDA:175,13,0,0
BRDA:175,13,1,0
BRDA:181,14,0,0
BRDA:181,14,1,0
BRDA:182,15,0,0
BRDA:182,15,1,0
BRDA:192,16,0,0
BRDA:192,16,1,0
BRDA:202,17,0,0
BRDA:202,17,1,0
BRDA:220,18,0,0
BRDA:220,18,1,0
BRDA:246,19,0,0
BRDA:246,19,1,0
BRDA:247,20,0,0
BRDA:247,20,1,0
BRDA:256,21,0,0
BRDA:256,21,1,0
BRDA:256,21,2,0
BRDA:274,22,0,0
BRDA:274,22,1,0
BRDA:290,23,0,0
BRDA:290,23,1,0
BRDA:292,24,0,0
BRDA:292,24,1,0
BRDA:294,25,0,0
BRDA:294,25,1,0
BRDA:295,26,0,0
BRDA:295,26,1,0
BRDA:308,27,0,0
BRDA:308,27,1,0
BRDA:321,28,0,0
BRDA:321,28,1,0
BRDA:323,29,0,0
BRDA:323,29,1,0
BRDA:357,30,0,0
BRDA:357,30,1,0
BRDA:368,31,0,0
BRDA:368,31,1,0
BRDA:370,32,0,0
BRDA:370,32,1,0
BRDA:416,33,0,0
BRDA:416,33,1,0
BRDA:444,34,0,0
BRDA:444,34,1,0
BRDA:448,35,0,0
BRDA:448,35,1,0
BRDA:457,36,0,0
BRDA:457,36,1,0
BRDA:460,37,0,0
BRDA:460,37,1,0
BRDA:491,38,0,0
BRDA:491,38,1,0
BRDA:492,39,0,0
BRDA:492,39,1,0
BRDA:516,40,0,0
BRDA:516,40,1,0
BRDA:545,41,0,0
BRDA:545,41,1,0
BRDA:552,42,0,0
BRDA:552,42,1,0
BRDA:557,43,0,0
BRDA:557,43,1,0
BRDA:563,44,0,0
BRDA:563,44,1,0
BRF:92
BRH:0
end_of_record
TN:
SF:src\components\TransactionHistory.tsx
FN:62,TransactionHistory
FN:73,(anonymous_1)
FN:79,(anonymous_2)
FN:83,(anonymous_3)
FN:138,(anonymous_4)
FN:143,(anonymous_5)
FN:153,(anonymous_6)
FN:158,(anonymous_7)
FN:164,(anonymous_8)
FN:169,(anonymous_9)
FN:177,(anonymous_10)
FN:183,(anonymous_11)
FN:206,(anonymous_12)
FN:219,(anonymous_13)
FN:225,(anonymous_14)
FN:288,(anonymous_15)
FN:295,(anonymous_16)
FN:305,(anonymous_17)
FN:328,(anonymous_18)
FN:347,(anonymous_19)
FN:396,(anonymous_20)
FN:403,(anonymous_21)
FN:410,(anonymous_22)
FN:512,(anonymous_23)
FN:524,(anonymous_24)
FN:531,(anonymous_25)
FNF:26
FNH:0
FNDA:0,TransactionHistory
FNDA:0,(anonymous_1)
FNDA:0,(anonymous_2)
FNDA:0,(anonymous_3)
FNDA:0,(anonymous_4)
FNDA:0,(anonymous_5)
FNDA:0,(anonymous_6)
FNDA:0,(anonymous_7)
FNDA:0,(anonymous_8)
FNDA:0,(anonymous_9)
FNDA:0,(anonymous_10)
FNDA:0,(anonymous_11)
FNDA:0,(anonymous_12)
FNDA:0,(anonymous_13)
FNDA:0,(anonymous_14)
FNDA:0,(anonymous_15)
FNDA:0,(anonymous_16)
FNDA:0,(anonymous_17)
FNDA:0,(anonymous_18)
FNDA:0,(anonymous_19)
FNDA:0,(anonymous_20)
FNDA:0,(anonymous_21)
FNDA:0,(anonymous_22)
FNDA:0,(anonymous_23)
FNDA:0,(anonymous_24)
FNDA:0,(anonymous_25)
DA:63,0
DA:64,0
DA:65,0
DA:66,0
DA:67,0
DA:68,0
DA:69,0
DA:70,0
DA:71,0
DA:73,0
DA:74,0
DA:75,0
DA:79,0
DA:80,0
DA:83,0
DA:84,0
DA:86,0
DA:87,0
DA:91,0
DA:125,0
DA:127,0
DA:128,0
DA:134,0
DA:138,0
DA:139,0
DA:142,0
DA:143,0
DA:144,0
DA:152,0
DA:153,0
DA:157,0
DA:158,0
DA:161,0
DA:164,0
DA:165,0
DA:166,0
DA:169,0
DA:170,0
DA:171,0
DA:177,0
DA:179,0
DA:180,0
DA:183,0
DA:184,0
DA:190,0
DA:191,0
DA:192,0
DA:193,0
DA:194,0
DA:195,0
DA:196,0
DA:197,0
DA:198,0
DA:200,0
DA:206,0
DA:207,0
DA:209,0
DA:211,0
DA:213,0
DA:215,0
DA:219,0
DA:220,0
DA:225,0
DA:226,0
DA:228,0
DA:230,0
DA:232,0
DA:234,0
DA:238,0
DA:239,0
DA:247,0
DA:248,0
DA:256,0
DA:288,0
DA:295,0
DA:305,0
DA:328,0
DA:348,0
DA:396,0
DA:403,0
DA:410,0
DA:513,0
DA:524,0
DA:531,0
LF:84
LH:0
BRDA:74,0,0,0
BRDA:74,0,1,0
BRDA:74,1,0,0
BRDA:74,1,1,0
BRDA:84,2,0,0
BRDA:84,2,1,0
BRDA:84,3,0,0
BRDA:84,3,1,0
BRDA:127,4,0,0
BRDA:127,4,1,0
BRDA:142,5,0,0
BRDA:142,5,1,0
BRDA:144,6,0,0
BRDA:144,6,1,0
BRDA:144,6,2,0
BRDA:144,6,3,0
BRDA:152,7,0,0
BRDA:152,7,1,0
BRDA:157,8,0,0
BRDA:157,8,1,0
BRDA:207,9,0,0
BRDA:207,9,1,0
BRDA:207,9,2,0
BRDA:207,9,3,0
BRDA:220,10,0,0
BRDA:220,10,1,0
BRDA:226,11,0,0
BRDA:226,11,1,0
BRDA:226,11,2,0
BRDA:226,11,3,0
BRDA:238,12,0,0
BRDA:238,12,1,0
BRDA:238,13,0,0
BRDA:238,13,1,0
BRDA:247,14,0,0
BRDA:247,14,1,0
BRDA:322,15,0,0
BRDA:322,15,1,0
BRDA:325,16,0,0
BRDA:325,16,1,0
BRDA:327,17,0,0
BRDA:327,17,1,0
BRDA:357,18,0,0
BRDA:357,18,1,0
BRDA:359,19,0,0
BRDA:359,19,1,0
BRDA:376,20,0,0
BRDA:376,20,1,0
BRDA:376,20,2,0
BRDA:434,21,0,0
BRDA:434,21,1,0
BRDA:458,22,0,0
BRDA:458,22,1,0
BRDA:495,23,0,0
BRDA:495,23,1,0
BRDA:500,24,0,0
BRDA:500,24,1,0
BRF:57
BRH:0
end_of_record
TN:
SF:src\components\TransactionModal.tsx
FN:44,TransactionModal
FN:61,(anonymous_1)
FN:92,(anonymous_2)
FN:98,(anonymous_3)
FN:102,(anonymous_4)
FN:141,(anonymous_5)
FN:155,(anonymous_6)
FN:157,(anonymous_7)
FN:161,(anonymous_8)
FN:169,(anonymous_9)
FN:175,(anonymous_10)
FN:186,(anonymous_11)
FN:213,(anonymous_12)
FN:227,(anonymous_13)
FN:240,(anonymous_14)
FN:254,(anonymous_15)
FN:286,(anonymous_16)
FN:295,(anonymous_17)
FNF:18
FNH:0
FNDA:0,TransactionModal
FNDA:0,(anonymous_1)
FNDA:0,(anonymous_2)
FNDA:0,(anonymous_3)
FNDA:0,(anonymous_4)
FNDA:0,(anonymous_5)
FNDA:0,(anonymous_6)
FNDA:0,(anonymous_7)
FNDA:0,(anonymous_8)
FNDA:0,(anonymous_9)
FNDA:0,(anonymous_10)
FNDA:0,(anonymous_11)
FNDA:0,(anonymous_12)
FNDA:0,(anonymous_13)
FNDA:0,(anonymous_14)
FNDA:0,(anonymous_15)
FNDA:0,(anonymous_16)
FNDA:0,(anonymous_17)
DA:45,0
DA:46,0
DA:47,0
DA:48,0
DA:50,0
DA:59,0
DA:61,0
DA:62,0
DA:64,0
DA:65,0
DA:66,0
DA:67,0
DA:68,0
DA:70,0
DA:71,0
DA:72,0
DA:73,0
DA:75,0
DA:76,0
DA:77,0
DA:78,0
DA:82,0
DA:83,0
DA:84,0
DA:88,0
DA:89,0
DA:92,0
DA:93,0
DA:94,0
DA:98,0
DA:99,0
DA:102,0
DA:103,0
DA:104,0
DA:107,0
DA:108,0
DA:111,0
DA:120,0
DA:122,0
DA:127,0
DA:128,0
DA:130,0
DA:131,0
DA:137,0
DA:141,0
DA:142,0
DA:143,0
DA:151,0
DA:152,0
DA:155,0
DA:157,0
DA:158,0
DA:161,0
DA:162,0
DA:163,0
DA:169,0
DA:170,0
DA:171,0
DA:172,0
DA:175,0
DA:176,0
DA:178,0
DA:186,0
DA:213,0
DA:227,0
DA:240,0
DA:254,0
DA:277,0
DA:286,0
DA:295,0
DA:336,0
DA:340,0
LF:72
LH:0
BRDA:64,0,0,0
BRDA:64,0,1,0
BRDA:65,1,0,0
BRDA:65,1,1,0
BRDA:67,2,0,0
BRDA:67,2,1,0
BRDA:70,3,0,0
BRDA:70,3,1,0
BRDA:72,4,0,0
BRDA:72,4,1,0
BRDA:72,5,0,0
BRDA:72,5,1,0
BRDA:75,6,0,0
BRDA:75,6,1,0
BRDA:77,7,0,0
BRDA:77,7,1,0
BRDA:77,8,0,0
BRDA:77,8,1,0
BRDA:82,9,0,0
BRDA:82,9,1,0
BRDA:83,10,0,0
BRDA:83,10,1,0
BRDA:93,11,0,0
BRDA:93,11,1,0
BRDA:103,12,0,0
BRDA:103,12,1,0
BRDA:130,13,0,0
BRDA:130,13,1,0
BRDA:170,14,0,0
BRDA:170,14,1,0
BRDA:171,15,0,0
BRDA:171,15,1,0
BRDA:176,16,0,0
BRDA:176,16,1,0
BRDA:176,16,2,0
BRDA:188,17,0,0
BRDA:188,17,1,0
BRDA:190,18,0,0
BRDA:190,18,1,0
BRDA:202,19,0,0
BRDA:202,19,1,0
BRDA:215,20,0,0
BRDA:215,20,1,0
BRDA:217,21,0,0
BRDA:217,21,1,0
BRDA:229,22,0,0
BRDA:229,22,1,0
BRDA:231,23,0,0
BRDA:231,23,1,0
BRDA:266,24,0,0
BRDA:266,24,1,0
BRDA:267,25,0,0
BRDA:267,25,1,0
BRDA:284,26,0,0
BRDA:284,26,1,0
BRDA:288,27,0,0
BRDA:288,27,1,0
BRDA:297,28,0,0
BRDA:297,28,1,0
BRDA:300,29,0,0
BRDA:300,29,1,0
BRDA:327,30,0,0
BRDA:327,30,1,0
BRDA:349,31,0,0
BRDA:349,31,1,0
BRDA:374,32,0,0
BRDA:374,32,1,0
BRDA:384,33,0,0
BRDA:384,33,1,0
BRDA:390,34,0,0
BRDA:390,34,1,0
BRF:71
BRH:0
end_of_record
TN:
SF:src\components\WalletCreationForm.tsx
FN:38,WalletCreationForm
FN:62,(anonymous_1)
FN:108,(anonymous_2)
FN:114,(anonymous_3)
FN:118,(anonymous_4)
FN:140,(anonymous_5)
FN:142,(anonymous_6)
FN:145,(anonymous_7)
FN:161,(anonymous_8)
FN:171,(anonymous_9)
FN:183,(anonymous_10)
FN:198,(anonymous_11)
FN:215,(anonymous_12)
FN:253,(anonymous_13)
FN:262,(anonymous_14)
FN:292,(anonymous_15)
FN:301,(anonymous_16)
FN:335,(anonymous_17)
FN:351,(anonymous_18)
FN:364,(anonymous_19)
FNF:20
FNH:0
FNDA:0,WalletCreationForm
FNDA:0,(anonymous_1)
FNDA:0,(anonymous_2)
FNDA:0,(anonymous_3)
FNDA:0,(anonymous_4)
FNDA:0,(anonymous_5)
FNDA:0,(anonymous_6)
FNDA:0,(anonymous_7)
FNDA:0,(anonymous_8)
FNDA:0,(anonymous_9)
FNDA:0,(anonymous_10)
FNDA:0,(anonymous_11)
FNDA:0,(anonymous_12)
FNDA:0,(anonymous_13)
FNDA:0,(anonymous_14)
FNDA:0,(anonymous_15)
FNDA:0,(anonymous_16)
FNDA:0,(anonymous_17)
FNDA:0,(anonymous_18)
FNDA:0,(anonymous_19)
DA:43,0
DA:44,0
DA:45,0
DA:46,0
DA:48,0
DA:60,0
DA:62,0
DA:63,0
DA:65,0
DA:66,0
DA:67,0
DA:69,0
DA:70,0
DA:72,0
DA:73,0
DA:75,0
DA:76,0
DA:80,0
DA:81,0
DA:82,0
DA:83,0
DA:84,0
DA:86,0
DA:87,0
DA:88,0
DA:89,0
DA:93,0
DA:94,0
DA:95,0
DA:96,0
DA:97,0
DA:99,0
DA:100,0
DA:104,0
DA:105,0
DA:108,0
DA:109,0
DA:110,0
DA:114,0
DA:115,0
DA:118,0
DA:119,0
DA:120,0
DA:123,0
DA:124,0
DA:125,0
DA:128,0
DA:131,0
DA:132,0
DA:140,0
DA:142,0
DA:145,0
DA:146,0
DA:147,0
DA:148,0
DA:149,0
DA:150,0
DA:151,0
DA:152,0
DA:154,0
DA:155,0
DA:156,0
DA:159,0
DA:161,0
DA:162,0
DA:164,0
DA:171,0
DA:183,0
DA:198,0
DA:215,0
DA:244,0
DA:253,0
DA:262,0
DA:292,0
DA:301,0
DA:327,0
DA:335,0
DA:351,0
DA:364,0
DA:402,0
DA:406,0
LF:81
LH:0
BRDA:41,0,0,0
BRDA:65,1,0,0
BRDA:65,1,1,0
BRDA:66,2,0,0
BRDA:66,2,1,0
BRDA:69,3,0,0
BRDA:69,3,1,0
BRDA:72,4,0,0
BRDA:72,4,1,0
BRDA:75,5,0,0
BRDA:75,5,1,0
BRDA:80,6,0,0
BRDA:80,6,1,0
BRDA:81,7,0,0
BRDA:81,7,1,0
BRDA:83,8,0,0
BRDA:83,8,1,0
BRDA:86,9,0,0
[...]
BRDA:169,3,1,0
BRDA:187,4,0,0
BRDA:187,4,1,0
BRDA:194,5,0,0
BRDA:194,5,1,0
BRDA:209,6,0,0
BRDA:209,6,1,0
BRDA:238,7,0,0
BRDA:238,7,1,0
BRDA:249,8,0,0
BRDA:249,8,1,0
BRDA:264,9,0,0
BRDA:279,10,0,0
BRDA:279,10,1,0
BRDA:281,11,0,0
BRDA:281,11,1,0
BRDA:293,12,0,0
BRDA:293,12,1,0
BRDA:318,13,0,0
BRDA:318,13,1,0
BRDA:332,14,0,0
BRDA:332,14,1,0
BRDA:350,15,0,0
BRDA:350,15,1,0
BRDA:368,16,0,0
BRDA:368,16,1,0
BRDA:381,17,0,0
BRDA:381,17,1,0
BRDA:398,18,0,0
BRDA:398,18,1,0
BRDA:411,19,0,0
BRDA:411,19,1,0
BRDA:418,20,0,0
BRDA:418,20,1,0
BRDA:440,21,0,0
BRDA:440,21,1,0
BRDA:455,22,0,0
BRDA:455,22,1,0
BRDA:462,23,0,0
BRDA:462,23,1,0
BRDA:485,24,0,0
BRDA:485,24,1,0
BRDA:489,25,0,0
BRDA:489,25,1,0
BRDA:493,26,0,0
BRDA:493,26,1,0
BRDA:497,27,0,0
BRDA:497,27,1,0
BRDA:506,28,0,0
BRDA:506,28,1,0
BRF:57
BRH:0
end_of_record
TN:
SF:src\protocol\audit\audit-log.ts
FN:32,(anonymous_0)
FN:40,(anonymous_1)
FN:110,(anonymous_2)
FN:187,(anonymous_3)
FN:189,(anonymous_4)
FN:235,(anonymous_5)
FN:261,(anonymous_6)
FN:262,(anonymous_7)
FN:268,(anonymous_8)
FN:269,(anonymous_9)
FN:275,(anonymous_10)
FN:276,(anonymous_11)
FN:282,(anonymous_12)
FN:296,(anonymous_13)
FN:331,(anonymous_14)
FN:342,(anonymous_15)
FN:381,(anonymous_16)
FN:391,(anonymous_17)
FN:410,(anonymous_18)
FN:427,(anonymous_19)
FN:434,(anonymous_20)
FN:438,(anonymous_21)
FN:444,(anonymous_22)
FN:447,(anonymous_23)
FN:454,(anonymous_24)
FN:478,(anonymous_25)
FNF:26
FNH:0
FNDA:0,(anonymous_0)
FNDA:0,(anonymous_1)
FNDA:0,(anonymous_2)
FNDA:0,(anonymous_3)
FNDA:0,(anonymous_4)
FNDA:0,(anonymous_5)
FNDA:0,(anonymous_6)
FNDA:0,(anonymous_7)
FNDA:0,(anonymous_8)
FNDA:0,(anonymous_9)
FNDA:0,(anonymous_10)
FNDA:0,(anonymous_11)
FNDA:0,(anonymous_12)
FNDA:0,(anonymous_13)
FNDA:0,(anonymous_14)
FNDA:0,(anonymous_15)
FNDA:0,(anonymous_16)
FNDA:0,(anonymous_17)
FNDA:0,(anonymous_18)
FNDA:0,(anonymous_19)
FNDA:0,(anonymous_20)
FNDA:0,(anonymous_21)
FNDA:0,(anonymous_22)
FNDA:0,(anonymous_23)
FNDA:0,(anonymous_24)
FNDA:0,(anonymous_25)
DA:33,0
DA:34,0
DA:35,0
DA:49,0
DA:51,0
DA:54,0
DA:57,0
DA:62,0
DA:78,0
DA:81,0
DA:88,0
DA:91,0
DA:94,0
DA:96,0
DA:98,0
DA:117,0
DA:118,0
DA:119,0
DA:120,0
DA:122,0
DA:124,0
DA:125,0
DA:126,0
DA:128,0
DA:129,0
DA:130,0
DA:135,0
DA:136,0
DA:137,0
DA:138,0
DA:142,0
DA:143,0
DA:147,0
DA:148,0
DA:149,0
DA:153,0
DA:154,0
DA:155,0
DA:156,0
DA:159,0
DA:160,0
DA:165,0
DA:173,0
DA:174,0
DA:188,0
DA:189,0
DA:190,0
DA:191,0
DA:194,0
DA:195,0
DA:198,0
DA:199,0
DA:200,0
DA:203,0
DA:204,0
DA:205,0
DA:207,0
DA:208,0
DA:209,0
DA:210,0
DA:211,0
DA:215,0
DA:218,0
DA:225,0
DA:236,0
DA:237,0
DA:239,0
DA:240,0
DA:241,0
DA:243,0
DA:244,0
DA:246,0
DA:250,0
DA:252,0
DA:262,0
DA:269,0
DA:276,0
DA:283,0
DA:297,0
DA:299,0
DA:302,0
DA:303,0
DA:304,0
DA:307,0
DA:310,0
DA:313,0
DA:314,0
DA:315,0
DA:320,0
DA:322,0
DA:335,0
DA:336,0
DA:343,0
DA:344,0
DA:345,0
DA:349,0
DA:350,0
DA:351,0
DA:355,0
DA:356,0
DA:358,0
DA:359,0
DA:361,0
DA:362,0
DA:363,0
DA:364,0
DA:367,0
DA:368,0
DA:372,0
DA:373,0
DA:374,0
DA:382,0
DA:383,0
DA:385,0
DA:392,0
DA:393,0
DA:396,0
DA:397,0
DA:404,0
DA:411,0
DA:421,0
DA:428,0
DA:435,0
DA:436,0
DA:437,0
DA:438,0
DA:445,0
DA:446,0
DA:447,0
DA:448,0
DA:460,0
DA:461,0
DA:464,0
DA:465,0
DA:469,0
DA:470,0
DA:471,0
DA:479,0
DA:480,0
DA:483,0
DA:484,0
DA:487,0
DA:488,0
DA:491,0
DA:492,0
DA:498,0
LF:146
LH:0
BRDA:46,0,0,0
BRDA:47,1,0,0
BRDA:57,2,0,0
BRDA:57,2,1,0
BRDA:99,3,0,0
BRDA:99,3,1,0
BRDA:124,4,0,0
BRDA:124,4,1,0
BRDA:128,5,0,0
BRDA:128,5,1,0
BRDA:136,6,0,0
BRDA:136,6,1,0
BRDA:147,7,0,0
BRDA:147,7,1,0
BRDA:147,8,0,0
BRDA:147,8,1,0
BRDA:153,9,0,0
BRDA:153,9,1,0
BRDA:155,10,0,0
BRDA:155,10,1,0
BRDA:159,11,0,0
BRDA:159,11,1,0
BRDA:173,12,0,0
BRDA:173,12,1,0
BRDA:190,13,0,0
BRDA:190,13,1,0
BRDA:207,14,0,0
BRDA:207,14,1,0
BRDA:208,15,0,0
BRDA:208,15,1,0
BRDA:209,16,0,0
BRDA:209,16,1,0
BRDA:222,17,0,0
BRDA:222,17,1,0
BRDA:226,18,0,0
BRDA:226,18,1,0
BRDA:243,19,0,0
BRDA:243,19,1,0
BRDA:253,20,0,0
BRDA:253,20,1,0
BRDA:285,21,0,0
BRDA:285,21,1,0
BRDA:288,22,0,0
BRDA:288,22,1,0
BRDA:289,23,0,0
BRDA:289,23,1,0
BRDA:314,24,0,0
BRDA:314,24,1,0
BRDA:323,25,0,0
BRDA:323,25,1,0
BRDA:343,26,0,0
BRDA:343,26,1,0
BRDA:363,27,0,0
BRDA:363,27,1,0
BRDA:372,28,0,0
BRDA:372,28,1,0
BRDA:382,29,0,0
BRDA:382,29,1,0
BRDA:392,30,0,0
BRDA:392,30,1,0
BRDA:460,31,0,0
BRDA:460,31,1,0
BRDA:460,32,0,0
BRDA:460,32,1,0
BRDA:460,32,2,0
BRDA:464,33,0,0
BRDA:464,33,1,0
BRDA:464,34,0,0
BRDA:464,34,1,0
BRDA:470,35,0,0
BRDA:470,35,1,0
BRDA:479,36,0,0
BRDA:479,36,1,0
BRDA:479,37,0,0
BRDA:479,37,1,0
BRDA:483,38,0,0
BRDA:483,38,1,0
BRDA:487,39,0,0
BRDA:487,39,1,0
BRDA:491,40,0,0
BRDA:491,40,1,0
BRF:81
BRH:0
end_of_record
TN:
SF:src\protocol\core\types.ts
FN:203,(anonymous_0)
FN:214,(anonymous_1)
FN:221,(anonymous_2)
FN:228,(anonymous_3)
FNF:4
FNH:0
FNDA:0,(anonymous_0)
FNDA:0,(anonymous_1)
FNDA:0,(anonymous_2)
FNDA:0,(anonymous_3)
DA:9,0
DA:205,0
DA:206,0
DA:208,0
DA:209,0
DA:215,0
DA:216,0
DA:222,0
DA:223,0
DA:229,0
DA:230,0
LF:11
LH:0
BRF:0
BRH:0
end_of_record
TN:
SF:src\protocol\crypto\encryption.ts
FN:23,(anonymous_0)
FN:30,(anonymous_1)
FN:71,(anonymous_2)
FN:110,(anonymous_3)
FN:148,(anonymous_4)
FN:195,(anonymous_5)
FN:243,(anonymous_6)
FN:275,(anonymous_7)
FN:308,(anonymous_8)
FN:340,(anonymous_9)
FN:358,(anonymous_10)
FN:376,(anonymous_11)
FN:385,(anonymous_12)
FN:397,(anonymous_13)
FN:405,(anonymous_14)
FN:417,(anonymous_15)
FN:421,(anonymous_16)
FNF:17
FNH:0
FNDA:0,(anonymous_0)
FNDA:0,(anonymous_1)
FNDA:0,(anonymous_2)
FNDA:0,(anonymous_3)
FNDA:0,(anonymous_4)
FNDA:0,(anonymous_5)
FNDA:0,(anonymous_6)
FNDA:0,(anonymous_7)
FNDA:0,(anonymous_8)
FNDA:0,(anonymous_9)
FNDA:0,(anonymous_10)
FNDA:0,(anonymous_11)
FNDA:0,(anonymous_12)
FNDA:0,(anonymous_13)
FNDA:0,(anonymous_14)
FNDA:0,(anonymous_15)
FNDA:0,(anonymous_16)
DA:24,0
DA:25,0
DA:31,0
DA:32,0
DA:44,0
DA:45,0
DA:48,0
DA:49,0
DA:51,0
DA:53,0
DA:62,0
DA:76,0
DA:78,0
DA:81,0
DA:84,0
DA:92,0
DA:100,0
DA:115,0
DA:117,0
DA:120,0
DA:123,0
DA:131,0
DA:133,0
DA:138,0
DA:152,0
DA:154,0
DA:157,0
DA:160,0
DA:163,0
DA:173,0
DA:174,0
DA:175,0
DA:176,0
DA:178,0
DA:186,0
DA:201,0
DA:203,0
DA:206,0
DA:207,0
DA:208,0
DA:211,0
DA:212,0
DA:213,0
DA:214,0
DA:215,0
DA:218,0
DA:227,0
DA:229,0
DA:234,0
DA:247,0
DA:249,0
DA:252,0
DA:255,0
DA:264,0
DA:266,0
DA:280,0
DA:282,0
DA:285,0
DA:286,0
DA:289,0
DA:299,0
DA:309,0
DA:310,0
DA:312,0
DA:320,0
DA:341,0
DA:343,0
DA:359,0
DA:361,0
DA:377,0
DA:378,0
DA:379,0
DA:386,0
DA:391,0
DA:398,0
DA:399,0
DA:406,0
DA:407,0
DA:408,0
DA:409,0
DA:411,0
DA:418,0
DA:419,0
DA:420,0
DA:421,0
DA:426,0
LF:86
LH:0
BRDA:63,0,0,0
BRDA:63,0,1,0
BRDA:101,1,0,0
BRDA:101,1,1,0
BRDA:139,2,0,0
BRDA:139,2,1,0
BRDA:187,3,0,0
BRDA:187,3,1,0
BRDA:235,4,0,0
BRDA:235,4,1,0
BRDA:267,5,0,0
BRDA:267,5,1,0
BRDA:300,6,0,0
BRDA:300,6,1,0
BRDA:378,7,0,0
BRDA:378,7,1,0
BRF:16
BRH:0
end_of_record
TN:
SF:src\protocol\crypto\shamir.ts
FN:26,(anonymous_0)
FN:33,(anonymous_1)
FN:74,(anonymous_2)
FN:80,(anonymous_3)
FN:102,(anonymous_4)
FN:126,(anonymous_5)
FN:143,(anonymous_6)
FN:158,(anonymous_7)
FN:185,(anonymous_8)
FN:205,(anonymous_9)
FN:216,(anonymous_10)
FN:228,(anonymous_11)
FN:236,(anonymous_12)
FN:238,(anonymous_13)
FN:246,(anonymous_14)
FN:271,(anonymous_15)
FN:281,(anonymous_16)
FN:291,(anonymous_17)
FN:306,(anonymous_18)
FNF:19
FNH:0
FNDA:0,(anonymous_0)
FNDA:0,(anonymous_1)
FNDA:0,(anonymous_2)
FNDA:0,(anonymous_3)
FNDA:0,(anonymous_4)
FNDA:0,(anonymous_5)
FNDA:0,(anonymous_6)
FNDA:0,(anonymous_7)
FNDA:0,(anonymous_8)
FNDA:0,(anonymous_9)
FNDA:0,(anonymous_10)
FNDA:0,(anonymous_11)
FNDA:0,(anonymous_12)
FNDA:0,(anonymous_13)
FNDA:0,(anonymous_14)
FNDA:0,(anonymous_15)
FNDA:0,(anonymous_16)
FNDA:0,(anonymous_17)
FNDA:0,(anonymous_18)
DA:27,0
DA:37,0
DA:39,0
DA:42,0
DA:43,0
DA:46,0
DA:49,0
DA:50,0
DA:51,0
DA:52,0
DA:54,0
DA:61,0
DA:63,0
DA:75,0
DA:77,0
DA:80,0
DA:86,0
DA:89,0
DA:90,0
DA:92,0
DA:103,0
DA:104,0
DA:105,0
DA:109,0
DA:110,0
DA:111,0
DA:116,0
DA:117,0
DA:119,0
DA:127,0
DA:129,0
DA:131,0
DA:132,0
DA:133,0
DA:134,0
DA:137,0
DA:144,0
DA:145,0
DA:147,0
DA:148,0
DA:149,0
DA:152,0
DA:159,0
DA:161,0
DA:162,0
DA:163,0
DA:165,0
DA:166,0
DA:167,0
DA:168,0
DA:173,0
DA:174,0
DA:176,0
DA:179,0
DA:186,0
DA:187,0
DA:189,0
DA:190,0
DA:191,0
DA:192,0
DA:195,0
DA:196,0
DA:199,0
DA:206,0
DA:207,0
DA:208,0
DA:210,0
DA:217,0
DA:218,0
DA:219,0
DA:220,0
DA:222,0
DA:229,0
DA:230,0
DA:237,0
DA:238,0
DA:240,0
DA:247,0
DA:248,0
DA:251,0
DA:252,0
DA:255,0
DA:256,0
DA:259,0
DA:260,0
DA:263,0
DA:264,0
DA:272,0
DA:273,0
DA:276,0
DA:277,0
DA:281,0
DA:282,0
DA:283,0
DA:284,0
DA:292,0
DA:307,0
DA:317,0
LF:98
LH:0
BRDA:64,0,0,0
BRDA:64,0,1,0
BRDA:93,1,0,0
BRDA:93,1,1,0
BRDA:104,2,0,0
BRDA:104,2,1,0
BRDA:110,3,0,0
BRDA:110,3,1,0
BRDA:166,4,0,0
BRDA:166,4,1,0
BRDA:195,5,0,0
BRDA:195,5,1,0
BRDA:199,6,0,0
BRDA:199,6,1,0
BRDA:247,7,0,0
BRDA:247,7,1,0
BRDA:247,8,0,0
BRDA:247,8,1,0
BRDA:251,9,0,0
BRDA:251,9,1,0
BRDA:255,10,0,0
BRDA:255,10,1,0
BRDA:259,11,0,0
BRDA:259,11,1,0
BRDA:263,12,0,0
BRDA:263,12,1,0
BRDA:272,13,0,0
BRDA:272,13,1,0
BRDA:272,14,0,0
BRDA:272,14,1,0
BRDA:276,15,0,0
BRDA:276,15,1,0
BRDA:283,16,0,0
BRDA:283,16,1,0
BRDA:293,17,0,0
BRDA:293,17,1,0
BRDA:293,17,2,0
BRDA:293,17,3,0
BRDA:293,17,4,0
BRDA:293,17,5,0
BRDA:293,17,6,0
BRDA:308,18,0,0
BRDA:308,18,1,0
BRDA:308,18,2,0
BRDA:308,18,3,0
BRF:45
BRH:0
end_of_record
TN:
SF:src\protocol\storage\storage-client.ts
FN:42,(anonymous_0)
FN:50,(anonymous_1)
FN:84,(anonymous_2)
FN:135,(anonymous_3)
FN:183,(anonymous_4)
FN:216,(anonymous_5)
FN:244,(anonymous_6)
FN:272,(anonymous_7)
FN:300,(anonymous_8)
FN:328,(anonymous_9)
FN:354,(anonymous_10)
FN:380,(anonymous_11)
FN:404,(anonymous_12)
FN:425,(anonymous_13)
FN:438,(anonymous_14)
FN:451,(anonymous_15)
FN:461,(anonymous_16)
FN:493,(anonymous_17)
FN:508,createStorageClient
FNF:19
FNH:0
FNDA:0,(anonymous_0)
FNDA:0,(anonymous_1)
FNDA:0,(anonymous_2)
FNDA:0,(anonymous_3)
FNDA:0,(anonymous_4)
FNDA:0,(anonymous_5)
FNDA:0,(anonymous_6)
FNDA:0,(anonymous_7)
FNDA:0,(anonymous_8)
FNDA:0,(anonymous_9)
FNDA:0,(anonymous_10)
FNDA:0,(anonymous_11)
FNDA:0,(anonymous_12)
FNDA:0,(anonymous_13)
FNDA:0,(anonymous_14)
FNDA:0,(anonymous_15)
FNDA:0,(anonymous_16)
FNDA:0,(anonymous_17)
FNDA:0,createStorageClient
DA:40,0
DA:43,0
DA:55,0
DA:56,0
DA:70,0
DA:72,0
DA:89,0
DA:91,0
DA:108,0
DA:121,0
DA:123,0
DA:140,0
DA:142,0
DA:157,0
DA:169,0
DA:171,0
DA:188,0
DA:189,0
DA:202,0
DA:204,0
DA:221,0
DA:222,0
DA:227,0
DA:228,0
DA:231,0
DA:233,0
DA:249,0
DA:250,0
DA:255,0
DA:256,0
DA:259,0
DA:261,0
DA:277,0
DA:278,0
DA:283,0
DA:284,0
DA:287,0
DA:289,0
DA:306,0
DA:307,0
DA:312,0
DA:313,0
DA:316,0
DA:318,0
DA:332,0
DA:333,0
DA:338,0
DA:339,0
DA:342,0
DA:344,0
DA:358,0
DA:359,0
DA:364,0
DA:365,0
DA:368,0
DA:370,0
DA:385,0
DA:386,0
DA:391,0
DA:393,0
DA:405,0
DA:406,0
DA:408,0
DA:414,0
DA:429,0
DA:431,0
DA:432,0
DA:442,0
DA:444,0
DA:445,0
DA:456,0
DA:458,0
DA:459,0
DA:460,0
DA:461,0
DA:463,0
DA:474,0
DA:475,0
DA:478,0
DA:479,0
DA:481,0
DA:482,0
DA:485,0
DA:486,0
DA:488,0
DA:490,0
DA:492,0
DA:493,0
DA:498,0
DA:509,0
LF:90
LH:0
BRDA:73,0,0,0
BRDA:73,0,1,0
BRDA:124,1,0,0
BRDA:124,1,1,0
BRDA:172,2,0,0
BRDA:172,2,1,0
BRDA:205,3,0,0
BRDA:205,3,1,0
BRDA:227,4,0,0
BRDA:227,4,1,0
BRDA:227,5,0,0
BRDA:227,5,1,0
BRDA:234,6,0,0
BRDA:234,6,1,0
BRDA:255,7,0,0
BRDA:255,7,1,0
BRDA:255,8,0,0
BRDA:255,8,1,0
BRDA:262,9,0,0
BRDA:262,9,1,0
BRDA:283,10,0,0
BRDA:283,10,1,0
BRDA:283,11,0,0
BRDA:283,11,1,0
BRDA:290,12,0,0
BRDA:290,12,1,0
BRDA:303,13,0,0
BRDA:304,14,0,0
BRDA:312,15,0,0
BRDA:312,15,1,0
BRDA:312,16,0,0
BRDA:312,16,1,0
BRDA:319,17,0,0
BRDA:319,17,1,0
BRDA:338,18,0,0
BRDA:338,18,1,0
BRDA:338,19,0,0
BRDA:338,19,1,0
BRDA:345,20,0,0
BRDA:345,20,1,0
BRDA:364,21,0,0
BRDA:364,21,1,0
BRDA:364,22,0,0
BRDA:364,22,1,0
BRDA:371,23,0,0
BRDA:371,23,1,0
BRDA:394,24,0,0
BRDA:394,24,1,0
BRDA:409,25,0,0
BRDA:409,25,1,0
BRDA:417,26,0,0
BRDA:417,26,1,0
BRDA:474,27,0,0
BRDA:474,27,1,0
BRDA:474,28,0,0
BRDA:474,28,1,0
BRDA:481,29,0,0
BRDA:481,29,1,0
BRDA:488,30,0,0
BRDA:488,30,1,0
BRDA:490,31,0,0
BRDA:490,31,1,0
BRDA:499,32,0,0
BRDA:499,32,1,0
BRF:64
BRH:0
end_of_record
TN:
SF:src\protocol\wallet\wallet-manager.ts
FN:44,(anonymous_0)
FN:50,(anonymous_1)
FN:215,(anonymous_2)
FN:229,(anonymous_3)
FN:292,(anonymous_4)
FN:306,(anonymous_5)
FN:319,(anonymous_6)
FN:325,(anonymous_7)
FN:406,(anonymous_8)
FN:431,(anonymous_9)
FN:470,(anonymous_10)
FN:477,(anonymous_11)
FN:484,(anonymous_12)
FN:494,(anonymous_13)
FN:524,(anonymous_14)
FN:534,(anonymous_15)
FN:537,(anonymous_16)
FN:544,(anonymous_17)
FN:547,(anonymous_18)
FN:554,(anonymous_19)
FN:557,(anonymous_20)
FN:564,(anonymous_21)
FN:567,(anonymous_22)
FN:574,(anonymous_23)
FN:578,(anonymous_24)
FNF:25
FNH:0
FNDA:0,(anonymous_0)
FNDA:0,(anonymous_1)
FNDA:0,(anonymous_2)
FNDA:0,(anonymous_3)
FNDA:0,(anonymous_4)
FNDA:0,(anonymous_5)
FNDA:0,(anonymous_6)
FNDA:0,(anonymous_7)
FNDA:0,(anonymous_8)
FNDA:0,(anonymous_9)
FNDA:0,(anonymous_10)
FNDA:0,(anonymous_11)
FNDA:0,(anonymous_12)
FNDA:0,(anonymous_13)
FNDA:0,(anonymous_14)
FNDA:0,(anonymous_15)
FNDA:0,(anonymous_16)
FNDA:0,(anonymous_17)
FNDA:0,(anonymous_18)
FNDA:0,(anonymous_19)
FNDA:0,(anonymous_20)
FNDA:0,(anonymous_21)
FNDA:0,(anonymous_22)
FNDA:0,(anonymous_23)
FNDA:0,(anonymous_24)
DA:45,0
DA:54,0
DA:56,0
DA:59,0
DA:62,0
DA:80,0
DA:86,0
DA:87,0
DA:89,0
DA:90,0
DA:91,0
DA:94,0
DA:97,0
DA:104,0
DA:120,0
DA:133,0
DA:134,0
DA:138,0
DA:141,0
DA:160,0
DA:163,0
DA:176,0
DA:179,0
DA:180,0
DA:193,0
DA:197,0
DA:199,0
DA:205,0
DA:222,0
DA:223,0
DA:224,0
DA:225,0
DA:229,0
DA:230,0
DA:231,0
DA:234,0
DA:235,0
DA:239,0
DA:259,0
DA:262,0
DA:263,0
DA:276,0
DA:279,0
DA:281,0
DA:299,0
DA:300,0
DA:301,0
DA:302,0
DA:306,0
DA:307,0
DA:308,0
DA:311,0
DA:312,0
DA:319,0
DA:320,0
DA:321,0
DA:325,0
DA:326,0
DA:327,0
DA:330,0
DA:331,0
DA:335,0
DA:344,0
DA:350,0
DA:364,0
DA:365,0
DA:368,0
DA:369,0
DA:370,0
DA:372,0
DA:376,0
DA:390,0
DA:392,0
DA:394,0
DA:414,0
DA:415,0
DA:416,0
DA:417,0
DA:421,0
DA:422,0
DA:429,0
DA:430,0
DA:431,0
DA:432,0
DA:433,0
DA:437,0
DA:443,0
DA:451,0
DA:454,0
DA:455,0
DA:458,0
DA:460,0
DA:471,0
DA:478,0
DA:485,0
DA:486,0
DA:487,0
DA:495,0
DA:496,0
DA:499,0
DA:500,0
DA:503,0
DA:504,0
DA:507,0
DA:508,0
DA:511,0
DA:512,0
DA:515,0
DA:516,0
DA:519,0
DA:520,0
DA:524,0
DA:525,0
DA:526,0
DA:527,0
DA:535,0
DA:536,0
DA:537,0
DA:538,0
DA:545,0
DA:546,0
DA:547,0
DA:548,0
DA:555,0
DA:556,0
DA:557,0
DA:558,0
DA:565,0
DA:566,0
DA:567,0
DA:568,0
DA:575,0
DA:576,0
DA:577,0
DA:578,0
DA:583,0
LF:136
LH:0
BRDA:206,0,0,0
BRDA:206,0,1,0
BRDA:224,1,0,0
BRDA:224,1,1,0
BRDA:230,2,0,0
BRDA:230,2,1,0
BRDA:234,3,0,0
BRDA:234,3,1,0
BRDA:262,4,0,0
BRDA:262,4,1,0
BRDA:282,5,0,0
BRDA:282,5,1,0
BRDA:297,6,0,0
BRDA:301,7,0,0
BRDA:301,7,1,0
BRDA:307,8,0,0
BRDA:307,8,1,0
BRDA:311,9,0,0
BRDA:311,9,1,0
BRDA:311,10,0,0
BRDA:311,10,1,0
BRDA:320,11,0,0
BRDA:320,11,1,0
BRDA:326,12,0,0
BRDA:326,12,1,0
BRDA:330,13,0,0
BRDA:330,13,1,0
BRDA:368,14,0,0
BRDA:368,14,1,0
BRDA:395,15,0,0
BRDA:395,15,1,0
BRDA:416,16,0,0
BRDA:416,16,1,0
BRDA:421,17,0,0
BRDA:421,17,1,0
BRDA:432,18,0,0
BRDA:432,18,1,0
BRDA:454,19,0,0
BRDA:454,19,1,0
BRDA:461,20,0,0
BRDA:461,20,1,0
BRDA:471,21,0,0
BRDA:471,21,1,0
BRDA:486,22,0,0
BRDA:486,22,1,0
BRDA:495,23,0,0
BRDA:495,23,1,0
BRDA:495,24,0,0
BRDA:495,24,1,0
BRDA:499,25,0,0
BRDA:499,25,1,0
BRDA:499,26,0,0
BRDA:499,26,1,0
BRDA:503,27,0,0
BRDA:503,27,1,0
BRDA:503,28,0,0
BRDA:503,28,1,0
BRDA:507,29,0,0
BRDA:507,29,1,0
BRDA:511,30,0,0
BRDA:511,30,1,0
BRDA:515,31,0,0
BRDA:515,31,1,0
BRDA:519,32,0,0
BRDA:519,32,1,0
BRDA:519,33,0,0
BRDA:519,33,1,0
BRDA:526,34,0,0
BRDA:526,34,1,0
BRF:69
BRH:0
end_of_record
TN:
SF:src\services\api.mock.ts
FN:11,(anonymous_0)
FN:15,(anonymous_1)
FN:19,(anonymous_2)
FN:23,(anonymous_3)
FN:29,(anonymous_4)
FN:33,(anonymous_5)
FN:37,(anonymous_6)
FN:41,(anonymous_7)
FN:47,(anonymous_8)
FN:51,(anonymous_9)
FN:57,(anonymous_10)
FN:61,(anonymous_11)
FN:65,(anonymous_12)
FNF:13
FNH:0
FNDA:0,(anonymous_0)
FNDA:0,(anonymous_1)
FNDA:0,(anonymous_2)
FNDA:0,(anonymous_3)
FNDA:0,(anonymous_4)
FNDA:0,(anonymous_5)
FNDA:0,(anonymous_6)
FNDA:0,(anonymous_7)
FNDA:0,(anonymous_8)
FNDA:0,(anonymous_9)
FNDA:0,(anonymous_10)
FNDA:0,(anonymous_11)
FNDA:0,(anonymous_12)
DA:2,0
DA:12,0
DA:16,0
DA:20,0
DA:24,0
DA:30,0
DA:34,0
DA:38,0
DA:42,0
DA:48,0
DA:52,0
DA:58,0
DA:62,0
DA:66,0
LF:14
LH:0
BRDA:3,0,0,0
BRDA:3,0,1,0
BRDA:6,1,0,0
BRDA:6,1,1,0
BRF:4
BRH:0
end_of_record
TN:
SF:src\services\api.ts
FN:58,(anonymous_0)
FN:66,(anonymous_1)
FN:102,(anonymous_2)
FN:144,(anonymous_3)
FN:151,(anonymous_4)
FN:172,(anonymous_5)
FN:180,(anonymous_6)
FN:181,(anonymous_7)
FN:184,(anonymous_8)
FN:198,(anonymous_9)
FN:214,(anonymous_10)
FN:218,(anonymous_11)
FN:222,(anonymous_12)
FN:226,(anonymous_13)
FN:230,(anonymous_14)
FN:235,(anonymous_15)
FN:320,(anonymous_16)
FN:326,(anonymous_17)
FN:339,(anonymous_18)
FN:353,(anonymous_19)
FN:367,(anonymous_20)
FN:404,(anonymous_21)
FN:410,(anonymous_22)
FN:429,(anonymous_23)
FN:435,(anonymous_24)
FN:474,(anonymous_25)
FN:484,(anonymous_26)
FN:495,(anonymous_27)
FN:504,(anonymous_28)
FN:514,(anonymous_29)
FN:539,(anonymous_30)
FN:545,(anonymous_31)
FNF:32
FNH:22
FNDA:1,(anonymous_0)
FNDA:15,(anonymous_1)
FNDA:7,(anonymous_2)
FNDA:12,(anonymous_3)
FNDA:2,(anonymous_4)
FNDA:4,(anonymous_5)
FNDA:1,(anonymous_6)
FNDA:1,(anonymous_7)
FNDA:3,(anonymous_8)
FNDA:3,(anonymous_9)
FNDA:6,(anonymous_10)
FNDA:3,(anonymous_11)
FNDA:0,(anonymous_12)
FNDA:0,(anonymous_13)
FNDA:0,(anonymous_14)
FNDA:6,(anonymous_15)
FNDA:1,(anonymous_16)
FNDA:2,(anonymous_17)
FNDA:0,(anonymous_18)
FNDA:0,(anonymous_19)
FNDA:0,(anonymous_20)
FNDA:1,(anonymous_21)
FNDA:1,(anonymous_22)
FNDA:0,(anonymous_23)
FNDA:0,(anonymous_24)
FNDA:1,(anonymous_25)
FNDA:1,(anonymous_26)
FNDA:1,(anonymous_27)
FNDA:0,(anonymous_28)
FNDA:0,(anonymous_29)
FNDA:1,(anonymous_30)
FNDA:1,(anonymous_31)
DA:2,1
DA:3,1
DA:4,1
DA:11,1
DA:12,1
DA:13,1
DA:16,1
DA:53,1
DA:54,1
DA:55,1
DA:56,1
DA:59,1
DA:60,1
DA:61,1
DA:62,1
DA:67,15
DA:70,15
DA:73,15
DA:78,15
DA:79,9
DA:80,9
DA:81,9
DA:82,0
DA:86,6
DA:92,6
DA:93,0
DA:96,6
DA:98,6
DA:99,7
DA:100,7
DA:102,7
DA:106,6
DA:107,3
DA:108,3
DA:111,3
DA:113,3
DA:120,4
DA:123,4
DA:124,2
DA:132,4
DA:133,3
DA:137,1
DA:141,3
DA:145,12
DA:146,0
DA:149,12
DA:150,12
DA:151,2
DA:153,11
DA:155,11
DA:156,27
DA:157,23
DA:158,4
DA:159,1
DA:161,3
DA:165,11
DA:169,0
DA:174,4
DA:175,3
DA:177,1
DA:181,1
DA:185,3
DA:186,3
DA:188,0
DA:199,3
DA:201,3
DA:203,1
DA:205,2
DA:207,0
DA:209,0
DA:215,6
DA:219,3
DA:223,0
DA:227,0
DA:231,0
DA:244,6
DA:246,6
DA:248,6
DA:249,6
DA:250,0
DA:253,6
DA:264,0
DA:266,6
DA:267,6
DA:268,6
DA:274,1
DA:319,1
DA:321,1
DA:327,2
DA:332,2
DA:333,1
DA:336,1
DA:340,0
DA:346,0
DA:347,0
DA:350,0
DA:354,0
DA:360,0
DA:361,0
DA:364,0
DA:368,0
DA:373,0
DA:374,0
DA:403,1
DA:405,1
DA:411,1
DA:416,1
DA:417,1
DA:420,1
DA:422,1
DA:423,0
DA:426,1
DA:430,0
DA:436,0
DA:473,1
DA:475,1
DA:485,1
DA:496,1
DA:505,0
DA:515,0
DA:538,1
DA:540,1
DA:546,1
DA:552,1
DA:553,0
DA:556,1
LF:126
LH:97
BRDA:67,0,0,9
BRDA:67,1,0,15
BRDA:67,2,0,15
BRDA:67,3,0,3
BRDA:70,4,0,9
BRDA:70,4,1,6
BRDA:78,5,0,9
BRDA:78,5,1,6
BRDA:78,6,0,15
BRDA:78,6,1,9
BRDA:80,7,0,9
BRDA:80,7,1,0
BRDA:92,8,0,0
BRDA:92,8,1,6
BRDA:92,9,0,6
BRDA:92,9,1,0
BRDA:106,10,0,3
BRDA:106,10,1,3
BRDA:123,11,0,2
BRDA:123,11,1,2
BRDA:132,12,0,3
BRDA:132,12,1,1
BRDA:132,13,0,4
BRDA:132,13,1,1
BRDA:141,14,0,3
BRDA:141,14,1,0
BRDA:145,15,0,0
BRDA:145,15,1,12
BRDA:149,16,0,12
BRDA:149,16,1,0
BRDA:149,17,0,12
BRDA:149,17,1,12
BRDA:150,18,0,1
BRDA:150,18,1,11
BRDA:156,19,0,23
BRDA:156,19,1,4
BRDA:158,20,0,1
BRDA:158,20,1,3
BRDA:158,21,0,4
BRDA:158,21,1,1
BRDA:174,22,0,3
BRDA:174,22,1,1
BRDA:175,23,0,3
BRDA:175,23,1,3
BRDA:191,24,0,0
BRDA:191,24,1,0
BRDA:201,25,0,1
BRDA:201,25,1,2
BRDA:201,25,2,0
BRDA:201,25,3,0
BRDA:237,26,0,0
BRDA:244,27,0,6
BRDA:244,28,0,6
BRDA:244,29,0,6
BRDA:249,30,0,0
BRDA:249,30,1,6
BRDA:332,31,0,1
BRDA:332,31,1,1
BRDA:336,32,0,1
BRDA:336,32,1,0
BRDA:346,33,0,0
BRDA:346,33,1,0
BRDA:360,34,0,0
BRDA:360,34,1,0
BRDA:364,35,0,0
BRDA:364,35,1,0
BRDA:373,36,0,0
BRDA:373,36,1,0
BRDA:416,37,0,1
BRDA:416,37,1,0
BRDA:422,38,0,0
BRDA:422,38,1,1
BRDA:426,39,0,1
BRDA:426,39,1,0
BRDA:484,40,0,0
BRDA:552,41,0,0
BRDA:552,41,1,1
BRF:77
BRH:51
end_of_record
